INFO:root:*-*-*-*-*-*-*-*-*-*-*-*-*-*-*-*-*-*-*-*-*-*-*-*-*-*-*-*-*-*-*-*-*-*-*-*-*-*-*-*
INFO:root:Started Short Straddle @ 08/29/21-20:46:32
INFO:root:Today is a market holiday
INFO:root:*-*-*-*-*-*-*-*-*-*-*-*-*-*-*-*-*-*-*-*-*-*-*-*-*-*-*-*-*-*-*-*-*-*-*-*-*-*-*-*
INFO:root:Started Short Straddle @ 08/29/21-20:47:30
INFO:root:logging in alice blue
INFO:root:using existing token
INFO:root:Login failed Alice...retrying in 1 mins
INFO:root:logging in alice blue
INFO:alice_blue.alice_blue:Assuming answers for all 2FA questions are 'sheeja', Please change it to 'sheeja' if not
INFO:alice_blue.alice_blue:access_token - B7b4kHkuGGGygMMizfat90vRr_-N4Xn6L7oKAOcYdOg.HD1QgwY3i8dRyjI5DAUpuTFbiXSJVqGtvWyPhToKx-4
INFO:alice_blue.alice_blue:Downloading master contracts for exchange: NSE
INFO:alice_blue.alice_blue:Downloading master contracts for exchange: NFO
INFO:root:atm_ce35600..atm_pe35600
INFO:root:getting current expiry date
INFO:root:getting current atm_call price
INFO:root:selling call option @ 316.3
INFO:root:getting current atm_put price
INFO:root:selling put option @ 284.6
INFO:root:Rej
INFO:root:Rej
INFO:root:Rej
INFO:root:Rej
INFO:root:*-*-*-*-*-*-*-*-*-*-*-*-*-*-*-*-*-*-*-*-*-*-*-*-*-*-*-*-*-*-*-*-*-*-*-*-*-*-*-*
INFO:root:*-*-*-*-*-*-*-*-*-*-*-*-*-*-*-*-*-*-*-*-*-*-*-*-*-*-*-*-*-*-*-*-*-*-*-*-*-*-*-*
INFO:root:Started Short Straddle @ 08/29/21-21:01:27
INFO:root:logging in alice blue
INFO:root:using existing token
INFO:alice_blue.alice_blue:Downloading master contracts for exchange: NSE
INFO:alice_blue.alice_blue:Downloading master contracts for exchange: NFO
INFO:root:atm_ce35600..atm_pe35600
INFO:root:getting current expiry date
INFO:root:getting current atm_call price
INFO:root:selling call option @ 316.3
INFO:root:getting current atm_put price
INFO:root:selling put option @ 284.6
INFO:root:Rej
INFO:root:Rej
INFO:root:Rej
INFO:root:Rej
INFO:root:*-*-*-*-*-*-*-*-*-*-*-*-*-*-*-*-*-*-*-*-*-*-*-*-*-*-*-*-*-*-*-*-*-*-*-*-*-*-*-*
INFO:root:*-*-*-*-*-*-*-*-*-*-*-*-*-*-*-*-*-*-*-*-*-*-*-*-*-*-*-*-*-*-*-*-*-*-*-*-*-*-*-*
INFO:root:Started Short Straddle @ 08/30/21-17:02:31
INFO:root:logging in alice blue
INFO:root:using existing token
INFO:root:Login failed Alice...retrying in 1 mins
INFO:root:*-*-*-*-*-*-*-*-*-*-*-*-*-*-*-*-*-*-*-*-*-*-*-*-*-*-*-*-*-*-*-*-*-*-*-*-*-*-*-*
INFO:root:Started Short Straddle @ 08/30/21-17:03:55
INFO:root:Today is not market expiry
INFO:root:*-*-*-*-*-*-*-*-*-*-*-*-*-*-*-*-*-*-*-*-*-*-*-*-*-*-*-*-*-*-*-*-*-*-*-*-*-*-*-*
INFO:root:*-*-*-*-*-*-*-*-*-*-*-*-*-*-*-*-*-*-*-*-*-*-*-*-*-*-*-*-*-*-*-*-*-*-*-*-*-*-*-*
INFO:root:Started Short Straddle @ 08/30/21-17:04:07
INFO:root:logging in alice blue
INFO:alice_blue.alice_blue:Assuming answers for all 2FA questions are 'sheeja', Please change it to 'sheeja' if not
INFO:alice_blue.alice_blue:access_token - wW72uvq7laTClUGQesL_sOSSglL4sCdLEUjndqL-OoM._Yeg-lcLMNmba9SdRIC4taCs9DvCPybzSrtHv8QShMI
INFO:alice_blue.alice_blue:Downloading master contracts for exchange: NSE
INFO:alice_blue.alice_blue:Downloading master contracts for exchange: NFO
INFO:root:atm_ce36300..atm_pe36300
INFO:root:getting current expiry date
INFO:root:getting current atm_call price
INFO:root:selling call option @ 347.45
INFO:root:getting current atm_put price
INFO:root:selling put option @ 218.0
INFO:root:Rej
INFO:root:Squaring off...BANKNIFTY2190235900CE...type -> MIS...quantity -> 0
INFO:root:Squaring off...BANKNIFTY2190235900PE...type -> MIS...quantity -> 0
INFO:root:Rej
INFO:root:Squaring off...BANKNIFTY2190235900CE...type -> MIS...quantity -> 0
INFO:root:Squaring off...BANKNIFTY2190235900PE...type -> MIS...quantity -> 0
INFO:root:Rej
INFO:root:Squaring off...BANKNIFTY2190235900CE...type -> MIS...quantity -> 0
INFO:root:Squaring off...BANKNIFTY2190235900PE...type -> MIS...quantity -> 0
INFO:root:Rej
INFO:root:Squaring off...BANKNIFTY2190235900CE...type -> MIS...quantity -> 0
INFO:root:Squaring off...BANKNIFTY2190235900PE...type -> MIS...quantity -> 0
INFO:root:*-*-*-*-*-*-*-*-*-*-*-*-*-*-*-*-*-*-*-*-*-*-*-*-*-*-*-*-*-*-*-*-*-*-*-*-*-*-*-*
INFO:root:*-*-*-*-*-*-*-*-*-*-*-*-*-*-*-*-*-*-*-*-*-*-*-*-*-*-*-*-*-*-*-*-*-*-*-*-*-*-*-*
INFO:root:Started Short Straddle @ 08/30/21-17:06:16
INFO:root:logging in alice blue
INFO:root:using existing token
INFO:alice_blue.alice_blue:Downloading master contracts for exchange: NSE
INFO:alice_blue.alice_blue:Downloading master contracts for exchange: NFO
INFO:root:atm_ce36300..atm_pe36300
INFO:root:getting current expiry date
INFO:root:getting current atm_call price
INFO:root:selling call option @ 347.45
INFO:root:getting current atm_put price
INFO:root:selling put option @ 218.0
INFO:root:Rej
INFO:root:Squaring off...BANKNIFTY2190235900CE...type -> MIS...quantity -> 0
INFO:root:Squaring off...BANKNIFTY2190235900PE...type -> MIS...quantity -> 0
INFO:root:Rej
INFO:root:Squaring off...BANKNIFTY2190235900CE...type -> MIS...quantity -> 0
INFO:root:Squaring off...BANKNIFTY2190235900PE...type -> MIS...quantity -> 0
INFO:root:Rej
INFO:root:Squaring off...BANKNIFTY2190235900CE...type -> MIS...quantity -> 0
INFO:root:Squaring off...BANKNIFTY2190235900PE...type -> MIS...quantity -> 0
INFO:root:Rej
INFO:root:Squaring off...BANKNIFTY2190235900CE...type -> MIS...quantity -> 0
INFO:root:Squaring off...BANKNIFTY2190235900PE...type -> MIS...quantity -> 0
INFO:root:*-*-*-*-*-*-*-*-*-*-*-*-*-*-*-*-*-*-*-*-*-*-*-*-*-*-*-*-*-*-*-*-*-*-*-*-*-*-*-*
INFO:root:*-*-*-*-*-*-*-*-*-*-*-*-*-*-*-*-*-*-*-*-*-*-*-*-*-*-*-*-*-*-*-*-*-*-*-*-*-*-*-*
INFO:root:Started Short Straddle @ 08/30/21-17:30:08
INFO:root:logging in alice blue
INFO:root:using existing token
INFO:alice_blue.alice_blue:Downloading master contracts for exchange: NSE
INFO:alice_blue.alice_blue:Downloading master contracts for exchange: NFO
INFO:root:Time is past 10.10. So exiting the program
INFO:root:*-*-*-*-*-*-*-*-*-*-*-*-*-*-*-*-*-*-*-*-*-*-*-*-*-*-*-*-*-*-*-*-*-*-*-*-*-*-*-*
INFO:root:*-*-*-*-*-*-*-*-*-*-*-*-*-*-*-*-*-*-*-*-*-*-*-*-*-*-*-*-*-*-*-*-*-*-*-*-*-*-*-*
INFO:root:Started Short Straddle @ 08/30/21-17:30:45
INFO:root:logging in alice blue
INFO:alice_blue.alice_blue:Assuming answers for all 2FA questions are 'sheeja', Please change it to 'sheeja' if not
INFO:alice_blue.alice_blue:access_token - lXPrpmxurSWWkE57FIPilJcSmtr7-MKe9VDQ-0YU5co.wPq2-qCKsIcjUAxyAPH-byRHZrs0dOd-Usk-2CmTeHU
INFO:alice_blue.alice_blue:Downloading master contracts for exchange: NSE
INFO:alice_blue.alice_blue:Downloading master contracts for exchange: NFO
INFO:root:atm_ce36300..atm_pe36300
INFO:root:getting current expiry date
INFO:root:getting current atm_call price
INFO:root:selling call option @ 347.45
INFO:root:getting current atm_put price
INFO:root:selling put option @ 218.0
INFO:root:Rej
INFO:root:Squaring off...BANKNIFTY2190235900CE...type -> MIS...quantity -> 0
INFO:root:Squaring off...BANKNIFTY2190235900PE...type -> MIS...quantity -> 0
INFO:root:Rej
INFO:root:Squaring off...BANKNIFTY2190235900CE...type -> MIS...quantity -> 0
INFO:root:Squaring off...BANKNIFTY2190235900PE...type -> MIS...quantity -> 0
INFO:root:Rej
INFO:root:Squaring off...BANKNIFTY2190235900CE...type -> MIS...quantity -> 0
INFO:root:Squaring off...BANKNIFTY2190235900PE...type -> MIS...quantity -> 0
INFO:root:Rej
INFO:root:Squaring off...BANKNIFTY2190235900CE...type -> MIS...quantity -> 0
INFO:root:Squaring off...BANKNIFTY2190235900PE...type -> MIS...quantity -> 0
INFO:root:*-*-*-*-*-*-*-*-*-*-*-*-*-*-*-*-*-*-*-*-*-*-*-*-*-*-*-*-*-*-*-*-*-*-*-*-*-*-*-*
INFO:root:*-*-*-*-*-*-*-*-*-*-*-*-*-*-*-*-*-*-*-*-*-*-*-*-*-*-*-*-*-*-*-*-*-*-*-*-*-*-*-*
INFO:root:Started Short Straddle @ 08/30/21-17:32:26
INFO:root:logging in alice blue
INFO:root:using existing token
INFO:alice_blue.alice_blue:Downloading master contracts for exchange: NSE
INFO:alice_blue.alice_blue:Downloading master contracts for exchange: NFO
INFO:root:atm_ce36300..atm_pe36300
INFO:root:getting current expiry date
INFO:root:getting current atm_call price
INFO:root:selling call option @ 347.45
INFO:root:getting current atm_put price
INFO:root:selling put option @ 218.0
INFO:root:Rej
INFO:root:Squaring off...BANKNIFTY2190235900CE...type -> MIS...quantity -> 0
INFO:root:Squaring off...BANKNIFTY2190235900PE...type -> MIS...quantity -> 0
INFO:root:Rej
INFO:root:Squaring off...BANKNIFTY2190235900CE...type -> MIS...quantity -> 0
INFO:root:Squaring off...BANKNIFTY2190235900PE...type -> MIS...quantity -> 0
INFO:root:Rej
INFO:root:Squaring off...BANKNIFTY2190235900CE...type -> MIS...quantity -> 0
INFO:root:Squaring off...BANKNIFTY2190235900PE...type -> MIS...quantity -> 0
INFO:root:Rej
INFO:root:Squaring off...BANKNIFTY2190235900CE...type -> MIS...quantity -> 0
INFO:root:Squaring off...BANKNIFTY2190235900PE...type -> MIS...quantity -> 0
INFO:root:*-*-*-*-*-*-*-*-*-*-*-*-*-*-*-*-*-*-*-*-*-*-*-*-*-*-*-*-*-*-*-*-*-*-*-*-*-*-*-*
INFO:root:*-*-*-*-*-*-*-*-*-*-*-*-*-*-*-*-*-*-*-*-*-*-*-*-*-*-*-*-*-*-*-*-*-*-*-*-*-*-*-*
INFO:root:Started Short Straddle @ 08/30/21-17:32:58
INFO:root:logging in alice blue
INFO:alice_blue.alice_blue:Assuming answers for all 2FA questions are 'sheeja', Please change it to 'sheeja' if not
INFO:alice_blue.alice_blue:access_token - csvXrhVSFM2d06uW79oiHH3Lj8LThWh4iF6diBjregw.Otd9RAt211cHuZkjGDRctJLoaGRN8s-oEvQrIzyVMJc
INFO:alice_blue.alice_blue:Downloading master contracts for exchange: NSE
INFO:alice_blue.alice_blue:Downloading master contracts for exchange: NFO
INFO:root:atm_ce36300..atm_pe36300
INFO:root:getting current expiry date
INFO:root:getting current atm_call price
INFO:root:selling call option @ 347.45
INFO:root:getting current atm_put price
INFO:root:selling put option @ 218.0
INFO:root:Rej
INFO:root:Squaring off...BANKNIFTY2190235900CE...type -> MIS...quantity -> 0
INFO:root:Squaring off...BANKNIFTY2190235900PE...type -> MIS...quantity -> 0
INFO:root:Rej
INFO:root:Squaring off...BANKNIFTY2190235900CE...type -> MIS...quantity -> 0
INFO:root:Squaring off...BANKNIFTY2190235900PE...type -> MIS...quantity -> 0
INFO:root:Rej
INFO:root:Squaring off...BANKNIFTY2190235900CE...type -> MIS...quantity -> 0
INFO:root:Squaring off...BANKNIFTY2190235900PE...type -> MIS...quantity -> 0
INFO:root:Rej
INFO:root:Squaring off...BANKNIFTY2190235900CE...type -> MIS...quantity -> 0
INFO:root:Squaring off...BANKNIFTY2190235900PE...type -> MIS...quantity -> 0
INFO:root:*-*-*-*-*-*-*-*-*-*-*-*-*-*-*-*-*-*-*-*-*-*-*-*-*-*-*-*-*-*-*-*-*-*-*-*-*-*-*-*
INFO:root:*-*-*-*-*-*-*-*-*-*-*-*-*-*-*-*-*-*-*-*-*-*-*-*-*-*-*-*-*-*-*-*-*-*-*-*-*-*-*-*
INFO:root:Started Short Straddle @ 08/30/21-17:34:12
INFO:root:logging in alice blue
INFO:root:using existing token
INFO:root:Login failed Alice...retrying in 1 mins
INFO:root:logging in alice blue
INFO:alice_blue.alice_blue:Assuming answers for all 2FA questions are 'sheeja', Please change it to 'sheeja' if not
INFO:alice_blue.alice_blue:access_token - ljcYN16FBxeHoyGGbO-R3-mXoGa0Sz9UAiOfm6Lm7U8.-OYAed5dO04pxZQZBjZkw47LbG1jcen_tbgNA65XBwI
INFO:alice_blue.alice_blue:Downloading master contracts for exchange: NSE
INFO:alice_blue.alice_blue:Downloading master contracts for exchange: NFO
INFO:root:atm_ce36300..atm_pe36300
INFO:root:getting current expiry date
INFO:root:getting current atm_call price
INFO:root:selling call option @ 347.45
INFO:root:getting current atm_put price
INFO:root:selling put option @ 218.0
INFO:root:Rej
INFO:root:Squaring off...BANKNIFTY2190235900CE...type -> MIS...quantity -> 0
INFO:root:Squaring off...BANKNIFTY2190235900PE...type -> MIS...quantity -> 0
INFO:root:Rej
INFO:root:Squaring off...BANKNIFTY2190235900CE...type -> MIS...quantity -> 0
INFO:root:Squaring off...BANKNIFTY2190235900PE...type -> MIS...quantity -> 0
INFO:root:Rej
INFO:root:Squaring off...BANKNIFTY2190235900CE...type -> MIS...quantity -> 0
INFO:root:Squaring off...BANKNIFTY2190235900PE...type -> MIS...quantity -> 0
INFO:root:Rej
INFO:root:Squaring off...BANKNIFTY2190235900CE...type -> MIS...quantity -> 0
INFO:root:Squaring off...BANKNIFTY2190235900PE...type -> MIS...quantity -> 0
INFO:root:*-*-*-*-*-*-*-*-*-*-*-*-*-*-*-*-*-*-*-*-*-*-*-*-*-*-*-*-*-*-*-*-*-*-*-*-*-*-*-*
INFO:root:*-*-*-*-*-*-*-*-*-*-*-*-*-*-*-*-*-*-*-*-*-*-*-*-*-*-*-*-*-*-*-*-*-*-*-*-*-*-*-*
INFO:root:Started Short Straddle @ 08/30/21-18:08:56
INFO:root:logging in alice blue
INFO:root:Login failed Alice...retrying in 1 mins
INFO:root:logging in alice blue
INFO:alice_blue.alice_blue:Assuming answers for all 2FA questions are 'sheeja', Please change it to 'sheeja' if not
INFO:alice_blue.alice_blue:access_token - 3-ABz0K3CdvESItDAniYGJIiIXr0dHLxTHEquPoj7tw.qvXV02YMiSd_uvmAddQXStAvfPvG4N2eospQKREpQTc
INFO:alice_blue.alice_blue:Downloading master contracts for exchange: NSE
INFO:alice_blue.alice_blue:Downloading master contracts for exchange: NFO
INFO:root:atm_ce36300..atm_pe36300
INFO:root:getting current expiry date
INFO:root:getting current atm_call price
INFO:root:selling call option @ 347.45
INFO:root:getting current atm_put price
INFO:root:selling put option @ 218.0
INFO:root:Rej
INFO:root:Squaring off...BANKNIFTY2190235900CE...type -> MIS...quantity -> 0
INFO:root:Squaring off...BANKNIFTY2190235900PE...type -> MIS...quantity -> 0
INFO:root:Rej
INFO:root:Squaring off...BANKNIFTY2190235900CE...type -> MIS...quantity -> 0
INFO:root:Squaring off...BANKNIFTY2190235900PE...type -> MIS...quantity -> 0
INFO:root:Rej
INFO:root:Squaring off...BANKNIFTY2190235900CE...type -> MIS...quantity -> 0
INFO:root:Squaring off...BANKNIFTY2190235900PE...type -> MIS...quantity -> 0
INFO:root:Rej
INFO:root:Squaring off...BANKNIFTY2190235900CE...type -> MIS...quantity -> 0
INFO:root:Squaring off...BANKNIFTY2190235900PE...type -> MIS...quantity -> 0
INFO:root:*-*-*-*-*-*-*-*-*-*-*-*-*-*-*-*-*-*-*-*-*-*-*-*-*-*-*-*-*-*-*-*-*-*-*-*-*-*-*-*
INFO:root:*-*-*-*-*-*-*-*-*-*-*-*-*-*-*-*-*-*-*-*-*-*-*-*-*-*-*-*-*-*-*-*-*-*-*-*-*-*-*-*
INFO:root:Started Short Straddle @ 08/31/21-10:43:30
INFO:root:logging in alice blue
INFO:root:using existing token
INFO:root:Login failed Alice...retrying in 1 mins
INFO:root:logging in alice blue
INFO:alice_blue.alice_blue:Assuming answers for all 2FA questions are 'sheeja', Please change it to 'sheeja' if not
INFO:alice_blue.alice_blue:access_token - z6tloMSay84_aXLKE21eKH01ePmXL9y7_ABkukpBJkM.vQCYflkmpl4ViyaLCB40rwP_ByONZc6R9HohA8jpdFg
INFO:alice_blue.alice_blue:Downloading master contracts for exchange: NSE
INFO:alice_blue.alice_blue:Downloading master contracts for exchange: NFO
INFO:root:Time is past 10.10. So exiting the program
INFO:root:*-*-*-*-*-*-*-*-*-*-*-*-*-*-*-*-*-*-*-*-*-*-*-*-*-*-*-*-*-*-*-*-*-*-*-*-*-*-*-*
INFO:root:*-*-*-*-*-*-*-*-*-*-*-*-*-*-*-*-*-*-*-*-*-*-*-*-*-*-*-*-*-*-*-*-*-*-*-*-*-*-*-*
INFO:root:Started Short Straddle @ 08/31/21-11:42:30
INFO:root:logging in alice blue
INFO:root:using existing token
INFO:alice_blue.alice_blue:Downloading master contracts for exchange: NSE
INFO:alice_blue.alice_blue:Downloading master contracts for exchange: NFO
INFO:root:atm_ce36400..atm_pe36400
INFO:root:getting current expiry date
INFO:root:getting current atm_call price
INFO:root:selling call option @ 255.35
INFO:root:getting current atm_put price
INFO:root:selling put option @ 208.1
INFO:root:*-*-*-*-*-*-*-*-*-*-*-*-*-*-*-*-*-*-*-*-*-*-*-*-*-*-*-*-*-*-*-*-*-*-*-*-*-*-*-*
INFO:root:*-*-*-*-*-*-*-*-*-*-*-*-*-*-*-*-*-*-*-*-*-*-*-*-*-*-*-*-*-*-*-*-*-*-*-*-*-*-*-*
INFO:root:Started Short Straddle @ 09/02/21-21:16:53
INFO:root:logging in alice blue
INFO:root:using existing token
INFO:root:Login failed Alice...retrying in 1 mins
INFO:root:logging in alice blue
INFO:alice_blue.alice_blue:Assuming answers for all 2FA questions are 'sheeja', Please change it to 'sheeja' if not
INFO:alice_blue.alice_blue:access_token - SUCgvWTVIULr65hdxz_M4NIROAqfQdnZtaRv0BGZn_w.Mt19u-AL1jow9f4kvHBrlHfgsfN-fNk8vm8np986fT4
INFO:alice_blue.alice_blue:Downloading master contracts for exchange: NSE
INFO:alice_blue.alice_blue:Downloading master contracts for exchange: NFO
INFO:root:atm_ce36800..atm_pe36800
INFO:root:getting current expiry date
INFO:root:getting current atm_call price
INFO:root:selling call option @ 31.5
INFO:root:getting current atm_put price
INFO:root:selling put option @ 0.05
INFO:root:Rej
INFO:root:Squaring off...BANKNIFTY2190236600CE...type -> NRML...quantity -> 0
INFO:root:Squaring off...BANKNIFTY2190236600PE...type -> NRML...quantity -> 0
INFO:root:Squaring off...BANKNIFTY2190236800CE...type -> NRML...quantity -> 0
INFO:root:Squaring off...BANKNIFTY2190236800PE...type -> NRML...quantity -> 0
INFO:root:Rej
INFO:root:Squaring off...BANKNIFTY2190236600CE...type -> NRML...quantity -> 0
INFO:root:Squaring off...BANKNIFTY2190236600PE...type -> NRML...quantity -> 0
INFO:root:Squaring off...BANKNIFTY2190236800CE...type -> NRML...quantity -> 0
INFO:root:Squaring off...BANKNIFTY2190236800PE...type -> NRML...quantity -> 0
INFO:root:Rej
INFO:root:Squaring off...BANKNIFTY2190236600CE...type -> NRML...quantity -> 0
INFO:root:Squaring off...BANKNIFTY2190236600PE...type -> NRML...quantity -> 0
INFO:root:Squaring off...BANKNIFTY2190236800CE...type -> NRML...quantity -> 0
INFO:root:Squaring off...BANKNIFTY2190236800PE...type -> NRML...quantity -> 0
INFO:root:Rej
INFO:root:Squaring off...BANKNIFTY2190236600CE...type -> NRML...quantity -> 0
INFO:root:Squaring off...BANKNIFTY2190236600PE...type -> NRML...quantity -> 0
INFO:root:Squaring off...BANKNIFTY2190236800CE...type -> NRML...quantity -> 0
INFO:root:Squaring off...BANKNIFTY2190236800PE...type -> NRML...quantity -> 0
INFO:root:*-*-*-*-*-*-*-*-*-*-*-*-*-*-*-*-*-*-*-*-*-*-*-*-*-*-*-*-*-*-*-*-*-*-*-*-*-*-*-*
INFO:root:*-*-*-*-*-*-*-*-*-*-*-*-*-*-*-*-*-*-*-*-*-*-*-*-*-*-*-*-*-*-*-*-*-*-*-*-*-*-*-*
INFO:root:Started Short Straddle @ 09/02/21-21:25:54
INFO:root:logging in alice blue
INFO:root:using existing token
INFO:alice_blue.alice_blue:Downloading master contracts for exchange: NSE
INFO:alice_blue.alice_blue:Downloading master contracts for exchange: NFO
INFO:root:Squaring off...BANKNIFTY2190236600CE...type -> NRML...quantity -> 0
INFO:root:Squaring off...BANKNIFTY2190236600PE...type -> NRML...quantity -> 0
INFO:root:Squaring off...BANKNIFTY2190236800CE...type -> NRML...quantity -> 0
INFO:root:Squaring off...BANKNIFTY2190236800PE...type -> NRML...quantity -> 0
INFO:root:atm_ce36800..atm_pe36800
INFO:root:getting current expiry date
INFO:root:getting current atm_call price
INFO:root:selling call option @ 31.5
INFO:root:getting current atm_put price
INFO:root:selling put option @ 0.05
INFO:root:Rej
INFO:root:Squaring off...BANKNIFTY2190236600CE...type -> NRML...quantity -> 0
INFO:root:Squaring off...BANKNIFTY2190236600PE...type -> NRML...quantity -> 0
INFO:root:Squaring off...BANKNIFTY2190236800CE...type -> NRML...quantity -> 0
INFO:root:Squaring off...BANKNIFTY2190236800PE...type -> NRML...quantity -> 0
INFO:root:Rej
INFO:root:Squaring off...BANKNIFTY2190236600CE...type -> NRML...quantity -> 0
INFO:root:Squaring off...BANKNIFTY2190236600PE...type -> NRML...quantity -> 0
INFO:root:Squaring off...BANKNIFTY2190236800CE...type -> NRML...quantity -> 0
INFO:root:Squaring off...BANKNIFTY2190236800PE...type -> NRML...quantity -> 0
INFO:root:Rej
INFO:root:Squaring off...BANKNIFTY2190236600CE...type -> NRML...quantity -> 0
INFO:root:Squaring off...BANKNIFTY2190236600PE...type -> NRML...quantity -> 0
INFO:root:Squaring off...BANKNIFTY2190236800CE...type -> NRML...quantity -> 0
INFO:root:Squaring off...BANKNIFTY2190236800PE...type -> NRML...quantity -> 0
INFO:root:Rej
INFO:root:Squaring off...BANKNIFTY2190236600CE...type -> NRML...quantity -> 0
INFO:root:Squaring off...BANKNIFTY2190236600PE...type -> NRML...quantity -> 0
INFO:root:Squaring off...BANKNIFTY2190236800CE...type -> NRML...quantity -> 0
INFO:root:Squaring off...BANKNIFTY2190236800PE...type -> NRML...quantity -> 0
INFO:root:*-*-*-*-*-*-*-*-*-*-*-*-*-*-*-*-*-*-*-*-*-*-*-*-*-*-*-*-*-*-*-*-*-*-*-*-*-*-*-*
INFO:root:*-*-*-*-*-*-*-*-*-*-*-*-*-*-*-*-*-*-*-*-*-*-*-*-*-*-*-*-*-*-*-*-*-*-*-*-*-*-*-*
INFO:root:Started Short Straddle @ 09/18/21-12:41:17
INFO:root:Today is a market holiday
INFO:root:*-*-*-*-*-*-*-*-*-*-*-*-*-*-*-*-*-*-*-*-*-*-*-*-*-*-*-*-*-*-*-*-*-*-*-*-*-*-*-*
INFO:root:Started Short Straddle @ 09/18/21-12:41:30
INFO:root:logging in alice blue
INFO:root:using existing token
INFO:root:Login failed Alice...retrying in 1 mins
INFO:root:logging in alice blue
INFO:alice_blue.alice_blue:Assuming answers for all 2FA questions are '1997', Please change it to '1997' if not
INFO:alice_blue.alice_blue:access_token - Ho_Io2aGnP1JR2QIH9vZ91SbfbzvKLtRTtJCot2OgO4.ZK-OwbK2JyRvkhEXz9VvkSUv_FU27-Zm0sLrpyhiD4U
INFO:alice_blue.alice_blue:Downloading master contracts for exchange: NSE
INFO:alice_blue.alice_blue:Downloading master contracts for exchange: NFO
INFO:root:atm_ce37800..atm_pe37800
INFO:root:getting current expiry date
INFO:root:getting current atm_call price
INFO:root:selling call option @ 322.2
INFO:root:getting current atm_put price
INFO:root:selling put option @ 329.6
INFO:root:Rej
INFO:root:Rej
INFO:root:Rej
INFO:root:Rej
INFO:root:*-*-*-*-*-*-*-*-*-*-*-*-*-*-*-*-*-*-*-*-*-*-*-*-*-*-*-*-*-*-*-*-*-*-*-*-*-*-*-*
INFO:root:*-*-*-*-*-*-*-*-*-*-*-*-*-*-*-*-*-*-*-*-*-*-*-*-*-*-*-*-*-*-*-*-*-*-*-*-*-*-*-*
INFO:root:Started Short Straddle @ 09/18/21-12:43:01
INFO:root:logging in alice blue
INFO:root:using existing token
INFO:alice_blue.alice_blue:Downloading master contracts for exchange: NSE
INFO:alice_blue.alice_blue:Downloading master contracts for exchange: NFO
INFO:root:atm_ce37800..atm_pe37800
INFO:root:getting current expiry date
INFO:root:getting current atm_call price
INFO:root:selling call option @ 322.2
INFO:root:getting current atm_put price
INFO:root:selling put option @ 329.6
INFO:root:Rej
INFO:root:Rej
INFO:root:Rej
INFO:root:Rej
INFO:root:*-*-*-*-*-*-*-*-*-*-*-*-*-*-*-*-*-*-*-*-*-*-*-*-*-*-*-*-*-*-*-*-*-*-*-*-*-*-*-*
INFO:root:*-*-*-*-*-*-*-*-*-*-*-*-*-*-*-*-*-*-*-*-*-*-*-*-*-*-*-*-*-*-*-*-*-*-*-*-*-*-*-*
INFO:root:Started Short Straddle @ 09/18/21-12:43:29
INFO:root:logging in alice blue
INFO:alice_blue.alice_blue:Assuming answers for all 2FA questions are 'sheeja', Please change it to 'sheeja' if not
ERROR:alice_blue.alice_blue:Couldn't get access token {'error': 'invalid_grant', 'error_description': 'The provided authorization grant (e.g., authorization code, resource owner credentials) or refresh token is invalid, expired, revoked, does not match the redirection URI used in the authorization request, or was issued to another client', 'status_code': 400}
INFO:root:Login failed Alice...retrying in 1 mins
INFO:root:logging in alice blue
INFO:alice_blue.alice_blue:Assuming answers for all 2FA questions are 'sheeja', Please change it to 'sheeja' if not
ERROR:alice_blue.alice_blue:Couldn't get access token {'error': 'invalid_grant', 'error_description': 'The provided authorization grant (e.g., authorization code, resource owner credentials) or refresh token is invalid, expired, revoked, does not match the redirection URI used in the authorization request, or was issued to another client', 'status_code': 400}
INFO:root:Login failed Alice...retrying in 1 mins
INFO:root:logging in alice blue
INFO:alice_blue.alice_blue:Assuming answers for all 2FA questions are 'sheeja', Please change it to 'sheeja' if not
ERROR:alice_blue.alice_blue:Couldn't get access token {'error': 'invalid_grant', 'error_description': 'The provided authorization grant (e.g., authorization code, resource owner credentials) or refresh token is invalid, expired, revoked, does not match the redirection URI used in the authorization request, or was issued to another client', 'status_code': 400}
INFO:root:Login failed Alice...retrying in 1 mins
INFO:root:logging in alice blue
ERROR:alice_blue.alice_blue:Couldn't login <p class="error">User Blocked Contact System Administrator</p>
INFO:root:Login failed Alice...retrying in 1 mins
INFO:root:logging in alice blue
ERROR:alice_blue.alice_blue:Couldn't login <p class="error">User Blocked Contact System Administrator</p>
INFO:root:Login failed Alice...retrying in 1 mins
INFO:root:logging in alice blue
ERROR:alice_blue.alice_blue:Couldn't login <p class="error">User Blocked Contact System Administrator</p>
INFO:root:Login failed Alice...retrying in 1 mins
INFO:root:logging in alice blue
ERROR:alice_blue.alice_blue:Couldn't login <p class="error">User Blocked Contact System Administrator</p>
INFO:root:Login failed Alice...retrying in 1 mins
INFO:root:logging in alice blue
ERROR:alice_blue.alice_blue:Couldn't login <p class="error">User Blocked Contact System Administrator</p>
INFO:root:Login failed Alice...retrying in 1 mins
INFO:root:*-*-*-*-*-*-*-*-*-*-*-*-*-*-*-*-*-*-*-*-*-*-*-*-*-*-*-*-*-*-*-*-*-*-*-*-*-*-*-*
INFO:root:Started Short Straddle @ 09/28/21-10:23:20
INFO:root:logging in alice blue
INFO:root:using existing token
INFO:root:Login failed Alice...retrying in 1 mins
INFO:root:logging in alice blue
ERROR:alice_blue.alice_blue:Couldn't login <p class="error">User Blocked Contact System Administrator</p>
INFO:root:Login failed Alice...retrying in 1 mins
INFO:root:*-*-*-*-*-*-*-*-*-*-*-*-*-*-*-*-*-*-*-*-*-*-*-*-*-*-*-*-*-*-*-*-*-*-*-*-*-*-*-*
INFO:root:Started Short Straddle @ 09/28/21-10:30:00
INFO:root:logging in alice blue
INFO:alice_blue.alice_blue:access_token - hTLGPQ_BUt1CpxBtWyR4uqb1cQYEKvoFlwAD3LaT8z8.L-vecSlBDEyj4TJXEz0yemvpKZ7hARw6CtpmczCkbsI
INFO:alice_blue.alice_blue:Downloading master contracts for exchange: NSE
INFO:alice_blue.alice_blue:Downloading master contracts for exchange: NFO
INFO:root:Time is past 10.10. So exiting the program
INFO:root:*-*-*-*-*-*-*-*-*-*-*-*-*-*-*-*-*-*-*-*-*-*-*-*-*-*-*-*-*-*-*-*-*-*-*-*-*-*-*-*
INFO:root:*-*-*-*-*-*-*-*-*-*-*-*-*-*-*-*-*-*-*-*-*-*-*-*-*-*-*-*-*-*-*-*-*-*-*-*-*-*-*-*
INFO:root:Started Short Straddle @ 09/28/21-10:30:29
INFO:root:logging in alice blue
INFO:root:using existing token
INFO:alice_blue.alice_blue:Downloading master contracts for exchange: NSE
INFO:alice_blue.alice_blue:Downloading master contracts for exchange: NFO
INFO:root:atm_ce38100..atm_pe38100
INFO:root:getting current expiry date
INFO:root:getting current atm_call price
INFO:root:selling call option @ 289.4
INFO:root:getting current atm_put price
INFO:root:selling put option @ 281.85
INFO:root:*-*-*-*-*-*-*-*-*-*-*-*-*-*-*-*-*-*-*-*-*-*-*-*-*-*-*-*-*-*-*-*-*-*-*-*-*-*-*-*
INFO:root:*-*-*-*-*-*-*-*-*-*-*-*-*-*-*-*-*-*-*-*-*-*-*-*-*-*-*-*-*-*-*-*-*-*-*-*-*-*-*-*
INFO:root:Started Short Straddle @ 09/30/21-14:07:06
INFO:root:logging in alice blue
INFO:root:using existing token
INFO:root:Login failed Alice...retrying in 1 mins
INFO:root:logging in alice blue
INFO:alice_blue.alice_blue:access_token - 5y7BkVsjVVHMbkniFksXzM3yOhLuUVEcsTVWjm5UdDU.5y0easapYiUqtS5Pigc87ZiRCgTSM8ao3KrkyMxnCcU
INFO:alice_blue.alice_blue:Downloading master contracts for exchange: NSE
INFO:alice_blue.alice_blue:Downloading master contracts for exchange: NFO
INFO:root:Squaring off...BANKNIFTY21SEP37600CE...type -> NRML...quantity -> 0
INFO:root:Squaring off...BANKNIFTY21SEP37600PE...type -> NRML...quantity -> 0
INFO:root:Squaring off...BANKNIFTY21SEP37800CE...type -> NRML...quantity -> 0
INFO:root:Squaring off...BANKNIFTY21SEP37800PE...type -> NRML...quantity -> 0
INFO:root:atm_ce37500..atm_pe37500
INFO:root:getting current expiry date
INFO:root:getting current atm_call price
INFO:root:selling call option @ 109.5
INFO:root:getting current atm_put price
INFO:root:selling put option @ 51.55
INFO:root:*-*-*-*-*-*-*-*-*-*-*-*-*-*-*-*-*-*-*-*-*-*-*-*-*-*-*-*-*-*-*-*-*-*-*-*-*-*-*-*
INFO:root:*-*-*-*-*-*-*-*-*-*-*-*-*-*-*-*-*-*-*-*-*-*-*-*-*-*-*-*-*-*-*-*-*-*-*-*-*-*-*-*
INFO:root:Started Short Straddle @ 10/06/21-11:00:04
INFO:root:logging in alice blue
INFO:root:using existing token
INFO:root:Login failed Alice...retrying in 1 mins
INFO:root:logging in alice blue
INFO:alice_blue.alice_blue:access_token - -BEhV0m4bvSUDtKDHOy2OahlubzL90iuG7N71WHwlUY.lry-VYo5kAZGB1PRp-dJd_RLzioBM4aUK6BzpPC3NDo
INFO:alice_blue.alice_blue:Downloading master contracts for exchange: NSE
INFO:alice_blue.alice_blue:Downloading master contracts for exchange: NFO
INFO:root:Time is past 10.10. So exiting the program
INFO:root:*-*-*-*-*-*-*-*-*-*-*-*-*-*-*-*-*-*-*-*-*-*-*-*-*-*-*-*-*-*-*-*-*-*-*-*-*-*-*-*
INFO:root:*-*-*-*-*-*-*-*-*-*-*-*-*-*-*-*-*-*-*-*-*-*-*-*-*-*-*-*-*-*-*-*-*-*-*-*-*-*-*-*
INFO:root:Started Short Straddle @ 10/06/21-11:01:12
INFO:root:logging in alice blue
INFO:root:using existing token
INFO:alice_blue.alice_blue:Downloading master contracts for exchange: NSE
INFO:alice_blue.alice_blue:Downloading master contracts for exchange: NFO
INFO:root:atm_ce37900..atm_pe37900
INFO:root:getting current expiry date
INFO:root:getting current atm_call price
INFO:root:selling call option @ 211.0
INFO:root:getting current atm_put price
INFO:root:selling put option @ 178.4
INFO:root:*-*-*-*-*-*-*-*-*-*-*-*-*-*-*-*-*-*-*-*-*-*-*-*-*-*-*-*-*-*-*-*-*-*-*-*-*-*-*-*
INFO:root:*-*-*-*-*-*-*-*-*-*-*-*-*-*-*-*-*-*-*-*-*-*-*-*-*-*-*-*-*-*-*-*-*-*-*-*-*-*-*-*
INFO:root:Started Short Straddle @ 10/07/21-09:27:55
INFO:root:logging in alice blue
INFO:root:using existing token
INFO:root:Login failed Alice...retrying in 1 mins
INFO:root:logging in alice blue
INFO:alice_blue.alice_blue:access_token - nsQCfoDD6wy4oRkMsW45oUyF6c5GL9Llo4nyJQ-a87Q.XVAGRT68bj328xr1iP4Z8JrOgG0b4OSWMcjL5ZA17K0
INFO:alice_blue.alice_blue:Downloading master contracts for exchange: NSE
INFO:alice_blue.alice_blue:Downloading master contracts for exchange: NFO
INFO:root:Time not 10.00pm waiting for 1min
INFO:root:Time not 10.00pm waiting for 1min
INFO:root:*-*-*-*-*-*-*-*-*-*-*-*-*-*-*-*-*-*-*-*-*-*-*-*-*-*-*-*-*-*-*-*-*-*-*-*-*-*-*-*
INFO:root:Started Short Straddle @ 10/07/21-09:30:40
INFO:root:logging in alice blue
INFO:root:using existing token
INFO:alice_blue.alice_blue:Downloading master contracts for exchange: NSE
INFO:alice_blue.alice_blue:Downloading master contracts for exchange: NFO
INFO:root:atm_ce37800..atm_pe37800
INFO:root:getting current expiry date
INFO:root:getting current atm_call price
INFO:root:selling call option @ 140.55
INFO:root:getting current atm_put price
INFO:root:selling put option @ 107.45
INFO:root:*-*-*-*-*-*-*-*-*-*-*-*-*-*-*-*-*-*-*-*-*-*-*-*-*-*-*-*-*-*-*-*-*-*-*-*-*-*-*-*
INFO:root:*-*-*-*-*-*-*-*-*-*-*-*-*-*-*-*-*-*-*-*-*-*-*-*-*-*-*-*-*-*-*-*-*-*-*-*-*-*-*-*
INFO:root:Started Short Straddle @ 10/07/21-09:33:16
INFO:root:logging in alice blue
INFO:root:using existing token
INFO:alice_blue.alice_blue:Downloading master contracts for exchange: NSE
INFO:alice_blue.alice_blue:Downloading master contracts for exchange: NFO
INFO:root:atm_ce37800..atm_pe37800
INFO:root:getting current expiry date
INFO:root:getting current atm_call price
INFO:root:selling call option @ 137.6
INFO:root:getting current atm_put price
INFO:root:selling put option @ 111.25
INFO:root:Squaring off...BANKNIFTY21O0737800CE...type -> NRML...quantity -> -25
INFO:root:Squaring off...BANKNIFTY21O0737800PE...type -> NRML...quantity -> -25
ERROR:root:Some error occured in main:::->can only concatenate str (not "float") to str
INFO:root:*-*-*-*-*-*-*-*-*-*-*-*-*-*-*-*-*-*-*-*-*-*-*-*-*-*-*-*-*-*-*-*-*-*-*-*-*-*-*-*
INFO:root:*-*-*-*-*-*-*-*-*-*-*-*-*-*-*-*-*-*-*-*-*-*-*-*-*-*-*-*-*-*-*-*-*-*-*-*-*-*-*-*
INFO:root:Started Short Straddle @ 10/07/21-09:36:03
INFO:root:logging in alice blue
INFO:root:using existing token
INFO:alice_blue.alice_blue:Downloading master contracts for exchange: NSE
INFO:alice_blue.alice_blue:Downloading master contracts for exchange: NFO
INFO:root:atm_ce37800..atm_pe37800
INFO:root:getting current expiry date
INFO:root:getting current atm_call price
INFO:root:selling call option @ 152.25
INFO:root:getting current atm_put price
INFO:root:selling put option @ 96.8
INFO:root:Success @ 151.8
INFO:root:Success @ 97.1
INFO:root:*-*-*-*-*-*-*-*-*-*-*-*-*-*-*-*-*-*-*-*-*-*-*-*-*-*-*-*-*-*-*-*-*-*-*-*-*-*-*-*
