INFO:root:*-*-*-*-*-*-*-*-*-*-*-*-*-*-*-*-*-*-*-*-*-*-*-*-*-*-*-*-*-*-*-*-*-*-*-*-*-*-*-*
INFO:root:Started StopLoss Square off @ 08/31/21-11:48:52
INFO:root:logging in alice blue
INFO:root:using existing token
INFO:alice_blue.alice_blue:Downloading master contracts for exchange: NSE
INFO:alice_blue.alice_blue:Downloading master contracts for exchange: NFO
INFO:root:BANKNIFTY2190236400CE...m2m -> -838.75...unrealizedPnL -> -838.75
INFO:root:BANKNIFTY2190236400PE...m2m -> 727.50...unrealizedPnL -> 727.50
INFO:root:Total PnL -> -111.25
INFO:root:m2m not less than -9000 trying again in 1 mins 08/31/21-11:48:54
INFO:root:BANKNIFTY2190236400CE...m2m -> -733.75...unrealizedPnL -> -733.75
INFO:root:BANKNIFTY2190236400PE...m2m -> 855.00...unrealizedPnL -> 855.00
INFO:root:Total PnL -> 121.25
INFO:root:m2m not less than -9000 trying again in 1 mins 08/31/21-11:49:54
INFO:root:BANKNIFTY2190236400CE...m2m -> -403.75...unrealizedPnL -> -403.75
INFO:root:BANKNIFTY2190236400PE...m2m -> 517.50...unrealizedPnL -> 517.50
INFO:root:Total PnL -> 113.75
INFO:root:m2m not less than -9000 trying again in 1 mins 08/31/21-11:50:55
INFO:root:BANKNIFTY2190236400CE...m2m -> -306.25...unrealizedPnL -> -306.25
INFO:root:BANKNIFTY2190236400PE...m2m -> 382.50...unrealizedPnL -> 382.50
INFO:root:Total PnL -> 76.25
INFO:root:m2m not less than -9000 trying again in 1 mins 08/31/21-11:51:55
INFO:root:BANKNIFTY2190236400CE...m2m -> -332.50...unrealizedPnL -> -332.50
INFO:root:BANKNIFTY2190236400PE...m2m -> 431.25...unrealizedPnL -> 431.25
INFO:root:Total PnL -> 98.75
INFO:root:m2m not less than -9000 trying again in 1 mins 08/31/21-11:52:57
INFO:root:BANKNIFTY2190236400CE...m2m -> -598.75...unrealizedPnL -> -598.75
INFO:root:BANKNIFTY2190236400PE...m2m -> 633.75...unrealizedPnL -> 633.75
INFO:root:Total PnL -> 35.0
INFO:root:m2m not less than -9000 trying again in 1 mins 08/31/21-11:53:58
INFO:root:BANKNIFTY2190236400CE...m2m -> -906.25...unrealizedPnL -> -906.25
INFO:root:BANKNIFTY2190236400PE...m2m -> 873.75...unrealizedPnL -> 873.75
INFO:root:Total PnL -> -32.5
INFO:root:m2m not less than -9000 trying again in 1 mins 08/31/21-11:54:58
INFO:root:BANKNIFTY2190236400CE...m2m -> -2,046.25...unrealizedPnL -> -2,046.25
INFO:root:BANKNIFTY2190236400PE...m2m -> 1,916.25...unrealizedPnL -> 1,916.25
INFO:root:Total PnL -> -130.0
INFO:root:m2m not less than -9000 trying again in 1 mins 08/31/21-11:55:58
INFO:root:BANKNIFTY2190236400CE...m2m -> -1,990.00...unrealizedPnL -> -1,990.00
INFO:root:BANKNIFTY2190236400PE...m2m -> 1,698.75...unrealizedPnL -> 1,698.75
INFO:root:Total PnL -> -291.25
INFO:root:m2m not less than -9000 trying again in 1 mins 08/31/21-11:56:59
INFO:root:BANKNIFTY2190236400CE...m2m -> -1,435.00...unrealizedPnL -> -1,435.00
INFO:root:BANKNIFTY2190236400PE...m2m -> 1,323.75...unrealizedPnL -> 1,323.75
INFO:root:Total PnL -> -111.25
INFO:root:m2m not less than -9000 trying again in 1 mins 08/31/21-11:57:59
INFO:root:BANKNIFTY2190236400CE...m2m -> -1,791.25...unrealizedPnL -> -1,791.25
INFO:root:BANKNIFTY2190236400PE...m2m -> 1,436.25...unrealizedPnL -> 1,436.25
INFO:root:Total PnL -> -355.0
INFO:root:m2m not less than -9000 trying again in 1 mins 08/31/21-11:59:00
INFO:root:BANKNIFTY2190236400CE...m2m -> -1,708.75...unrealizedPnL -> -1,708.75
INFO:root:BANKNIFTY2190236400PE...m2m -> 1,410.00...unrealizedPnL -> 1,410.00
INFO:root:Total PnL -> -298.75
INFO:root:m2m not less than -9000 trying again in 1 mins 08/31/21-12:00:00
INFO:root:BANKNIFTY2190236400CE...m2m -> -1,480.00...unrealizedPnL -> -1,480.00
INFO:root:BANKNIFTY2190236400PE...m2m -> 1,316.25...unrealizedPnL -> 1,316.25
INFO:root:Total PnL -> -163.75
INFO:root:m2m not less than -9000 trying again in 1 mins 08/31/21-12:01:00
INFO:root:BANKNIFTY2190236400CE...m2m -> -2,488.75...unrealizedPnL -> -2,488.75
INFO:root:BANKNIFTY2190236400PE...m2m -> 1,800.00...unrealizedPnL -> 1,800.00
INFO:root:Total PnL -> -688.75
INFO:root:m2m not less than -9000 trying again in 1 mins 08/31/21-12:02:01
INFO:root:BANKNIFTY2190236400CE...m2m -> -238.75...unrealizedPnL -> -238.75
INFO:root:BANKNIFTY2190236400PE...m2m -> 615.00...unrealizedPnL -> 615.00
INFO:root:Total PnL -> 376.25
INFO:root:m2m not less than -9000 trying again in 1 mins 08/31/21-12:03:01
INFO:root:BANKNIFTY2190236400CE...m2m -> -238.75...unrealizedPnL -> -238.75
INFO:root:BANKNIFTY2190236400PE...m2m -> 603.75...unrealizedPnL -> 603.75
INFO:root:Total PnL -> 365.0
INFO:root:m2m not less than -9000 trying again in 1 mins 08/31/21-12:04:02
INFO:root:BANKNIFTY2190236400CE...m2m -> 286.25...unrealizedPnL -> 286.25
INFO:root:BANKNIFTY2190236400PE...m2m -> 120.00...unrealizedPnL -> 120.00
INFO:root:Total PnL -> 406.25
INFO:root:m2m not less than -9000 trying again in 1 mins 08/31/21-12:05:02
INFO:root:BANKNIFTY2190236400CE...m2m -> -43.75...unrealizedPnL -> -43.75
INFO:root:BANKNIFTY2190236400PE...m2m -> 386.25...unrealizedPnL -> 386.25
INFO:root:Total PnL -> 342.5
INFO:root:m2m not less than -9000 trying again in 1 mins 08/31/21-12:06:04
INFO:root:BANKNIFTY2190236400CE...m2m -> -163.75...unrealizedPnL -> -163.75
INFO:root:BANKNIFTY2190236400PE...m2m -> 483.75...unrealizedPnL -> 483.75
INFO:root:Total PnL -> 320.0
INFO:root:m2m not less than -9000 trying again in 1 mins 08/31/21-12:07:04
INFO:root:BANKNIFTY2190236400CE...m2m -> -73.75...unrealizedPnL -> -73.75
INFO:root:BANKNIFTY2190236400PE...m2m -> 420.00...unrealizedPnL -> 420.00
INFO:root:Total PnL -> 346.25
INFO:root:m2m not less than -9000 trying again in 1 mins 08/31/21-12:08:05
INFO:root:BANKNIFTY2190236400CE...m2m -> -223.75...unrealizedPnL -> -223.75
INFO:root:BANKNIFTY2190236400PE...m2m -> 438.75...unrealizedPnL -> 438.75
INFO:root:Total PnL -> 215.0
INFO:root:m2m not less than -9000 trying again in 1 mins 08/31/21-12:09:05
INFO:root:BANKNIFTY2190236400CE...m2m -> -580.00...unrealizedPnL -> -580.00
INFO:root:BANKNIFTY2190236400PE...m2m -> 735.00...unrealizedPnL -> 735.00
INFO:root:Total PnL -> 155.0
INFO:root:m2m not less than -9000 trying again in 1 mins 08/31/21-12:10:06
INFO:root:BANKNIFTY2190236400CE...m2m -> -1,150.00...unrealizedPnL -> -1,150.00
INFO:root:BANKNIFTY2190236400PE...m2m -> 1,338.75...unrealizedPnL -> 1,338.75
INFO:root:Total PnL -> 188.75
INFO:root:m2m not less than -9000 trying again in 1 mins 08/31/21-12:11:06
INFO:root:BANKNIFTY2190236400CE...m2m -> -1,213.75...unrealizedPnL -> -1,213.75
INFO:root:BANKNIFTY2190236400PE...m2m -> 1,248.75...unrealizedPnL -> 1,248.75
INFO:root:Total PnL -> 35.0
INFO:root:m2m not less than -9000 trying again in 1 mins 08/31/21-12:12:07
INFO:root:BANKNIFTY2190236400CE...m2m -> -1,228.75...unrealizedPnL -> -1,228.75
INFO:root:BANKNIFTY2190236400PE...m2m -> 1,237.50...unrealizedPnL -> 1,237.50
INFO:root:Total PnL -> 8.75
INFO:root:m2m not less than -9000 trying again in 1 mins 08/31/21-12:13:08
INFO:root:BANKNIFTY2190236400CE...m2m -> -1,135.00...unrealizedPnL -> -1,135.00
INFO:root:BANKNIFTY2190236400PE...m2m -> 1,136.25...unrealizedPnL -> 1,136.25
INFO:root:Total PnL -> 1.25
INFO:root:m2m not less than -9000 trying again in 1 mins 08/31/21-12:14:09
INFO:root:BANKNIFTY2190236400CE...m2m -> -951.25...unrealizedPnL -> -951.25
INFO:root:BANKNIFTY2190236400PE...m2m -> 956.25...unrealizedPnL -> 956.25
INFO:root:Total PnL -> 5.0
INFO:root:m2m not less than -9000 trying again in 1 mins 08/31/21-12:15:09
INFO:root:BANKNIFTY2190236400CE...m2m -> -407.50...unrealizedPnL -> -407.50
INFO:root:BANKNIFTY2190236400PE...m2m -> 573.75...unrealizedPnL -> 573.75
INFO:root:Total PnL -> 166.25
INFO:root:m2m not less than -9000 trying again in 1 mins 08/31/21-12:16:10
INFO:root:BANKNIFTY2190236400CE...m2m -> -28.75...unrealizedPnL -> -28.75
INFO:root:BANKNIFTY2190236400PE...m2m -> 333.75...unrealizedPnL -> 333.75
INFO:root:Total PnL -> 305.0
INFO:root:m2m not less than -9000 trying again in 1 mins 08/31/21-12:17:10
INFO:root:BANKNIFTY2190236400CE...m2m -> -28.75...unrealizedPnL -> -28.75
INFO:root:BANKNIFTY2190236400PE...m2m -> 116.25...unrealizedPnL -> 116.25
INFO:root:Total PnL -> 87.5
INFO:root:m2m not less than -9000 trying again in 1 mins 08/31/21-12:18:11
INFO:root:BANKNIFTY2190236400CE...m2m -> -272.50...unrealizedPnL -> -272.50
INFO:root:BANKNIFTY2190236400PE...m2m -> 453.75...unrealizedPnL -> 453.75
INFO:root:Total PnL -> 181.25
INFO:root:m2m not less than -9000 trying again in 1 mins 08/31/21-12:19:11
INFO:root:BANKNIFTY2190236400CE...m2m -> -242.50...unrealizedPnL -> -242.50
INFO:root:BANKNIFTY2190236400PE...m2m -> 363.75...unrealizedPnL -> 363.75
INFO:root:Total PnL -> 121.25
INFO:root:m2m not less than -9000 trying again in 1 mins 08/31/21-12:20:12
INFO:root:BANKNIFTY2190236400CE...m2m -> -388.75...unrealizedPnL -> -388.75
INFO:root:BANKNIFTY2190236400PE...m2m -> 720.00...unrealizedPnL -> 720.00
INFO:root:Total PnL -> 331.25
INFO:root:m2m not less than -9000 trying again in 1 mins 08/31/21-12:21:12
INFO:root:BANKNIFTY2190236400CE...m2m -> 98.75...unrealizedPnL -> 98.75
INFO:root:BANKNIFTY2190236400PE...m2m -> -30.00...unrealizedPnL -> -30.00
INFO:root:Total PnL -> 68.75
INFO:root:m2m not less than -9000 trying again in 1 mins 08/31/21-12:22:12
INFO:root:BANKNIFTY2190236400CE...m2m -> 38.75...unrealizedPnL -> 38.75
INFO:root:BANKNIFTY2190236400PE...m2m -> 78.75...unrealizedPnL -> 78.75
INFO:root:Total PnL -> 117.5
INFO:root:m2m not less than -9000 trying again in 1 mins 08/31/21-12:23:13
INFO:root:BANKNIFTY2190236400CE...m2m -> 61.25...unrealizedPnL -> 61.25
INFO:root:BANKNIFTY2190236400PE...m2m -> 41.25...unrealizedPnL -> 41.25
INFO:root:Total PnL -> 102.5
INFO:root:m2m not less than -9000 trying again in 1 mins 08/31/21-12:24:13
INFO:root:BANKNIFTY2190236400CE...m2m -> -550.00...unrealizedPnL -> -550.00
INFO:root:BANKNIFTY2190236400PE...m2m -> 712.50...unrealizedPnL -> 712.50
INFO:root:Total PnL -> 162.5
INFO:root:m2m not less than -9000 trying again in 1 mins 08/31/21-12:25:14
INFO:root:BANKNIFTY2190236400CE...m2m -> -467.50...unrealizedPnL -> -467.50
INFO:root:BANKNIFTY2190236400PE...m2m -> 536.25...unrealizedPnL -> 536.25
INFO:root:Total PnL -> 68.75
INFO:root:m2m not less than -9000 trying again in 1 mins 08/31/21-12:26:14
INFO:root:BANKNIFTY2190236400CE...m2m -> -861.25...unrealizedPnL -> -861.25
INFO:root:BANKNIFTY2190236400PE...m2m -> 832.50...unrealizedPnL -> 832.50
INFO:root:Total PnL -> -28.75
INFO:root:m2m not less than -9000 trying again in 1 mins 08/31/21-12:27:15
INFO:root:BANKNIFTY2190236400CE...m2m -> -996.25...unrealizedPnL -> -996.25
INFO:root:BANKNIFTY2190236400PE...m2m -> 997.50...unrealizedPnL -> 997.50
INFO:root:Total PnL -> 1.25
INFO:root:m2m not less than -9000 trying again in 1 mins 08/31/21-12:28:15
INFO:root:BANKNIFTY2190236400CE...m2m -> -955.00...unrealizedPnL -> -955.00
INFO:root:BANKNIFTY2190236400PE...m2m -> 896.25...unrealizedPnL -> 896.25
INFO:root:Total PnL -> -58.75
INFO:root:m2m not less than -9000 trying again in 1 mins 08/31/21-12:29:16
INFO:root:BANKNIFTY2190236400CE...m2m -> -1,228.75...unrealizedPnL -> -1,228.75
INFO:root:BANKNIFTY2190236400PE...m2m -> 971.25...unrealizedPnL -> 971.25
INFO:root:Total PnL -> -257.5
INFO:root:m2m not less than -9000 trying again in 1 mins 08/31/21-12:30:16
INFO:root:BANKNIFTY2190236400CE...m2m -> -1,041.25...unrealizedPnL -> -1,041.25
INFO:root:BANKNIFTY2190236400PE...m2m -> 956.25...unrealizedPnL -> 956.25
INFO:root:Total PnL -> -85.0
INFO:root:m2m not less than -9000 trying again in 1 mins 08/31/21-12:31:17
INFO:root:BANKNIFTY2190236400CE...m2m -> -636.25...unrealizedPnL -> -636.25
INFO:root:BANKNIFTY2190236400PE...m2m -> 678.75...unrealizedPnL -> 678.75
INFO:root:Total PnL -> 42.5
INFO:root:m2m not less than -9000 trying again in 1 mins 08/31/21-12:32:17
INFO:root:BANKNIFTY2190236400CE...m2m -> -1,033.75...unrealizedPnL -> -1,033.75
INFO:root:BANKNIFTY2190236400PE...m2m -> 978.75...unrealizedPnL -> 978.75
INFO:root:Total PnL -> -55.0
INFO:root:m2m not less than -9000 trying again in 1 mins 08/31/21-12:33:18
INFO:root:BANKNIFTY2190236400CE...m2m -> -1,513.75...unrealizedPnL -> -1,513.75
INFO:root:BANKNIFTY2190236400PE...m2m -> 1,128.75...unrealizedPnL -> 1,128.75
INFO:root:Total PnL -> -385.0
INFO:root:m2m not less than -9000 trying again in 1 mins 08/31/21-12:34:18
INFO:root:BANKNIFTY2190236400CE...m2m -> -1,588.75...unrealizedPnL -> -1,588.75
INFO:root:BANKNIFTY2190236400PE...m2m -> 1,177.50...unrealizedPnL -> 1,177.50
INFO:root:Total PnL -> -411.25
INFO:root:m2m not less than -9000 trying again in 1 mins 08/31/21-12:35:19
INFO:root:BANKNIFTY2190236400CE...m2m -> -1,060.00...unrealizedPnL -> -1,060.00
INFO:root:BANKNIFTY2190236400PE...m2m -> 858.75...unrealizedPnL -> 858.75
INFO:root:Total PnL -> -201.25
INFO:root:m2m not less than -9000 trying again in 1 mins 08/31/21-12:36:19
INFO:root:BANKNIFTY2190236400CE...m2m -> -1,603.75...unrealizedPnL -> -1,603.75
INFO:root:BANKNIFTY2190236400PE...m2m -> 1,233.75...unrealizedPnL -> 1,233.75
INFO:root:Total PnL -> -370.0
INFO:root:m2m not less than -9000 trying again in 1 mins 08/31/21-12:37:20
INFO:root:BANKNIFTY2190236400CE...m2m -> -1,251.25...unrealizedPnL -> -1,251.25
INFO:root:BANKNIFTY2190236400PE...m2m -> 1,132.50...unrealizedPnL -> 1,132.50
INFO:root:Total PnL -> -118.75
INFO:root:m2m not less than -9000 trying again in 1 mins 08/31/21-12:38:21
INFO:root:BANKNIFTY2190236400CE...m2m -> -2,451.25...unrealizedPnL -> -2,451.25
INFO:root:BANKNIFTY2190236400PE...m2m -> 1,905.00...unrealizedPnL -> 1,905.00
INFO:root:Total PnL -> -546.25
INFO:root:m2m not less than -9000 trying again in 1 mins 08/31/21-12:39:22
INFO:root:BANKNIFTY2190236400CE...m2m -> -3,047.50...unrealizedPnL -> -3,047.50
INFO:root:BANKNIFTY2190236400PE...m2m -> 2,313.75...unrealizedPnL -> 2,313.75
INFO:root:Total PnL -> -733.75
INFO:root:m2m not less than -9000 trying again in 1 mins 08/31/21-12:40:23
INFO:root:BANKNIFTY2190236400CE...m2m -> -876.25...unrealizedPnL -> -876.25
INFO:root:BANKNIFTY2190236400PE...m2m -> 1,143.75...unrealizedPnL -> 1,143.75
INFO:root:Total PnL -> 267.5
INFO:root:m2m not less than -9000 trying again in 1 mins 08/31/21-12:41:24
INFO:root:BANKNIFTY2190236400CE...m2m -> -1,517.50...unrealizedPnL -> -1,517.50
INFO:root:BANKNIFTY2190236400PE...m2m -> 1,331.25...unrealizedPnL -> 1,331.25
INFO:root:Total PnL -> -186.25
INFO:root:m2m not less than -9000 trying again in 1 mins 08/31/21-12:42:26
INFO:root:BANKNIFTY2190236400CE...m2m -> -1,086.25...unrealizedPnL -> -1,086.25
INFO:root:BANKNIFTY2190236400PE...m2m -> 1,038.75...unrealizedPnL -> 1,038.75
INFO:root:Total PnL -> -47.5
INFO:root:m2m not less than -9000 trying again in 1 mins 08/31/21-12:43:27
INFO:root:BANKNIFTY2190236400CE...m2m -> -1,281.25...unrealizedPnL -> -1,281.25
INFO:root:BANKNIFTY2190236400PE...m2m -> 1,102.50...unrealizedPnL -> 1,102.50
INFO:root:Total PnL -> -178.75
INFO:root:m2m not less than -9000 trying again in 1 mins 08/31/21-12:44:27
INFO:root:BANKNIFTY2190236400CE...m2m -> -1,690.00...unrealizedPnL -> -1,690.00
INFO:root:BANKNIFTY2190236400PE...m2m -> 1,387.50...unrealizedPnL -> 1,387.50
INFO:root:Total PnL -> -302.5
INFO:root:m2m not less than -9000 trying again in 1 mins 08/31/21-12:45:28
INFO:root:BANKNIFTY2190236400CE...m2m -> -1,457.50...unrealizedPnL -> -1,457.50
INFO:root:BANKNIFTY2190236400PE...m2m -> 1,248.75...unrealizedPnL -> 1,248.75
INFO:root:Total PnL -> -208.75
INFO:root:m2m not less than -9000 trying again in 1 mins 08/31/21-12:46:28
INFO:root:BANKNIFTY2190236400CE...m2m -> -1,525.00...unrealizedPnL -> -1,525.00
INFO:root:BANKNIFTY2190236400PE...m2m -> 1,286.25...unrealizedPnL -> 1,286.25
INFO:root:Total PnL -> -238.75
INFO:root:m2m not less than -9000 trying again in 1 mins 08/31/21-12:47:28
INFO:root:BANKNIFTY2190236400CE...m2m -> -1,435.00...unrealizedPnL -> -1,435.00
INFO:root:BANKNIFTY2190236400PE...m2m -> 1,226.25...unrealizedPnL -> 1,226.25
INFO:root:Total PnL -> -208.75
INFO:root:m2m not less than -9000 trying again in 1 mins 08/31/21-12:48:29
INFO:root:BANKNIFTY2190236400CE...m2m -> -1,888.75...unrealizedPnL -> -1,888.75
INFO:root:BANKNIFTY2190236400PE...m2m -> 1,496.25...unrealizedPnL -> 1,496.25
INFO:root:Total PnL -> -392.5
INFO:root:m2m not less than -9000 trying again in 1 mins 08/31/21-12:49:29
INFO:root:BANKNIFTY2190236400CE...m2m -> -3,051.25...unrealizedPnL -> -3,051.25
INFO:root:BANKNIFTY2190236400PE...m2m -> 2,088.75...unrealizedPnL -> 2,088.75
INFO:root:Total PnL -> -962.5
INFO:root:m2m not less than -9000 trying again in 1 mins 08/31/21-12:50:30
INFO:root:BANKNIFTY2190236400CE...m2m -> -1,907.50...unrealizedPnL -> -1,907.50
INFO:root:BANKNIFTY2190236400PE...m2m -> 1,436.25...unrealizedPnL -> 1,436.25
INFO:root:Total PnL -> -471.25
INFO:root:m2m not less than -9000 trying again in 1 mins 08/31/21-12:51:30
INFO:root:BANKNIFTY2190236400CE...m2m -> -1,266.25...unrealizedPnL -> -1,266.25
INFO:root:BANKNIFTY2190236400PE...m2m -> 1,027.50...unrealizedPnL -> 1,027.50
INFO:root:Total PnL -> -238.75
INFO:root:m2m not less than -9000 trying again in 1 mins 08/31/21-12:52:31
INFO:root:BANKNIFTY2190236400CE...m2m -> -1,585.00...unrealizedPnL -> -1,585.00
INFO:root:BANKNIFTY2190236400PE...m2m -> 1,196.25...unrealizedPnL -> 1,196.25
INFO:root:Total PnL -> -388.75
INFO:root:m2m not less than -9000 trying again in 1 mins 08/31/21-12:53:31
INFO:root:BANKNIFTY2190236400CE...m2m -> -1,588.75...unrealizedPnL -> -1,588.75
INFO:root:BANKNIFTY2190236400PE...m2m -> 1,158.75...unrealizedPnL -> 1,158.75
INFO:root:Total PnL -> -430.0
INFO:root:m2m not less than -9000 trying again in 1 mins 08/31/21-12:54:32
INFO:root:BANKNIFTY2190236400CE...m2m -> -1,333.75...unrealizedPnL -> -1,333.75
INFO:root:BANKNIFTY2190236400PE...m2m -> 967.50...unrealizedPnL -> 967.50
INFO:root:Total PnL -> -366.25
INFO:root:m2m not less than -9000 trying again in 1 mins 08/31/21-12:55:32
INFO:root:BANKNIFTY2190236400CE...m2m -> -1,671.25...unrealizedPnL -> -1,671.25
INFO:root:BANKNIFTY2190236400PE...m2m -> 1,166.25...unrealizedPnL -> 1,166.25
INFO:root:Total PnL -> -505.0
INFO:root:m2m not less than -9000 trying again in 1 mins 08/31/21-12:56:33
INFO:root:BANKNIFTY2190236400CE...m2m -> -1,420.00...unrealizedPnL -> -1,420.00
INFO:root:BANKNIFTY2190236400PE...m2m -> 866.25...unrealizedPnL -> 866.25
INFO:root:Total PnL -> -553.75
INFO:root:m2m not less than -9000 trying again in 1 mins 08/31/21-12:57:34
INFO:root:BANKNIFTY2190236400CE...m2m -> -1,952.50...unrealizedPnL -> -1,952.50
INFO:root:BANKNIFTY2190236400PE...m2m -> 1,248.75...unrealizedPnL -> 1,248.75
INFO:root:Total PnL -> -703.75
INFO:root:m2m not less than -9000 trying again in 1 mins 08/31/21-12:58:35
INFO:root:BANKNIFTY2190236400CE...m2m -> -2,042.50...unrealizedPnL -> -2,042.50
INFO:root:BANKNIFTY2190236400PE...m2m -> 1,481.25...unrealizedPnL -> 1,481.25
INFO:root:Total PnL -> -561.25
INFO:root:m2m not less than -9000 trying again in 1 mins 08/31/21-12:59:35
INFO:root:BANKNIFTY2190236400CE...m2m -> -2,421.25...unrealizedPnL -> -2,421.25
INFO:root:BANKNIFTY2190236400PE...m2m -> 1,728.75...unrealizedPnL -> 1,728.75
INFO:root:Total PnL -> -692.5
INFO:root:m2m not less than -9000 trying again in 1 mins 08/31/21-13:00:36
INFO:root:BANKNIFTY2190236400CE...m2m -> -2,721.25...unrealizedPnL -> -2,721.25
INFO:root:BANKNIFTY2190236400PE...m2m -> 1,845.00...unrealizedPnL -> 1,845.00
INFO:root:Total PnL -> -876.25
INFO:root:m2m not less than -9000 trying again in 1 mins 08/31/21-13:01:36
INFO:root:BANKNIFTY2190236400CE...m2m -> -1,956.25...unrealizedPnL -> -1,956.25
INFO:root:BANKNIFTY2190236400PE...m2m -> 1,350.00...unrealizedPnL -> 1,350.00
INFO:root:Total PnL -> -606.25
INFO:root:m2m not less than -9000 trying again in 1 mins 08/31/21-13:02:36
INFO:root:BANKNIFTY2190236400CE...m2m -> -2,128.75...unrealizedPnL -> -2,128.75
INFO:root:BANKNIFTY2190236400PE...m2m -> 1,455.00...unrealizedPnL -> 1,455.00
INFO:root:Total PnL -> -673.75
INFO:root:m2m not less than -9000 trying again in 1 mins 08/31/21-13:03:37
INFO:root:BANKNIFTY2190236400CE...m2m -> -2,631.25...unrealizedPnL -> -2,631.25
INFO:root:BANKNIFTY2190236400PE...m2m -> 1,732.50...unrealizedPnL -> 1,732.50
INFO:root:Total PnL -> -898.75
INFO:root:m2m not less than -9000 trying again in 1 mins 08/31/21-13:04:38
INFO:root:BANKNIFTY2190236400CE...m2m -> -1,963.75...unrealizedPnL -> -1,963.75
INFO:root:BANKNIFTY2190236400PE...m2m -> 1,406.25...unrealizedPnL -> 1,406.25
INFO:root:Total PnL -> -557.5
INFO:root:m2m not less than -9000 trying again in 1 mins 08/31/21-13:05:38
INFO:root:BANKNIFTY2190236400CE...m2m -> -3,313.75...unrealizedPnL -> -3,313.75
INFO:root:BANKNIFTY2190236400PE...m2m -> 2,133.75...unrealizedPnL -> 2,133.75
INFO:root:Total PnL -> -1180.0
INFO:root:m2m not less than -9000 trying again in 1 mins 08/31/21-13:06:39
INFO:root:BANKNIFTY2190236400CE...m2m -> -5,755.00...unrealizedPnL -> 0.00
INFO:root:BANKNIFTY2190236400PE...m2m -> 3,221.25...unrealizedPnL -> 3,221.25
INFO:root:Total PnL -> -2533.75
INFO:root:m2m not less than -9000 trying again in 1 mins 08/31/21-13:07:39
INFO:root:BANKNIFTY2190236400CE...m2m -> -5,755.00...unrealizedPnL -> 0.00
INFO:root:BANKNIFTY2190236400PE...m2m -> 2,880.00...unrealizedPnL -> 2,880.00
INFO:root:Total PnL -> -2875.0
INFO:root:m2m not less than -9000 trying again in 1 mins 08/31/21-13:08:40
INFO:root:BANKNIFTY2190236400CE...m2m -> -5,755.00...unrealizedPnL -> 0.00
INFO:root:BANKNIFTY2190236400PE...m2m -> 3,003.75...unrealizedPnL -> 3,003.75
INFO:root:Total PnL -> -2751.25
INFO:root:m2m not less than -9000 trying again in 1 mins 08/31/21-13:09:40
INFO:root:BANKNIFTY2190236400CE...m2m -> -5,755.00...unrealizedPnL -> 0.00
INFO:root:BANKNIFTY2190236400PE...m2m -> 3,116.25...unrealizedPnL -> 3,116.25
INFO:root:Total PnL -> -2638.75
INFO:root:m2m not less than -9000 trying again in 1 mins 08/31/21-13:10:40
INFO:root:BANKNIFTY2190236400CE...m2m -> -5,755.00...unrealizedPnL -> 0.00
INFO:root:BANKNIFTY2190236400PE...m2m -> 3,063.75...unrealizedPnL -> 3,063.75
INFO:root:Total PnL -> -2691.25
INFO:root:m2m not less than -9000 trying again in 1 mins 08/31/21-13:11:41
INFO:root:BANKNIFTY2190236400CE...m2m -> -5,755.00...unrealizedPnL -> 0.00
INFO:root:BANKNIFTY2190236400PE...m2m -> 3,172.50...unrealizedPnL -> 3,172.50
INFO:root:Total PnL -> -2582.5
INFO:root:m2m not less than -9000 trying again in 1 mins 08/31/21-13:12:41
INFO:root:BANKNIFTY2190236400CE...m2m -> -5,755.00...unrealizedPnL -> 0.00
INFO:root:BANKNIFTY2190236400PE...m2m -> 3,180.00...unrealizedPnL -> 3,180.00
INFO:root:Total PnL -> -2575.0
INFO:root:m2m not less than -9000 trying again in 1 mins 08/31/21-13:13:42
INFO:root:BANKNIFTY2190236400CE...m2m -> -5,755.00...unrealizedPnL -> 0.00
INFO:root:BANKNIFTY2190236400PE...m2m -> 2,928.75...unrealizedPnL -> 2,928.75
INFO:root:Total PnL -> -2826.25
INFO:root:m2m not less than -9000 trying again in 1 mins 08/31/21-13:14:42
INFO:root:BANKNIFTY2190236400CE...m2m -> -5,755.00...unrealizedPnL -> 0.00
INFO:root:BANKNIFTY2190236400PE...m2m -> 3,232.50...unrealizedPnL -> 3,232.50
INFO:root:Total PnL -> -2522.5
INFO:root:m2m not less than -9000 trying again in 1 mins 08/31/21-13:15:43
INFO:root:BANKNIFTY2190236400CE...m2m -> -5,755.00...unrealizedPnL -> 0.00
INFO:root:BANKNIFTY2190236400PE...m2m -> -510.00...unrealizedPnL -> -510.00
INFO:root:Total PnL -> -6265.0
INFO:root:m2m not less than -9000 trying again in 1 mins 08/31/21-13:16:43
INFO:root:BANKNIFTY2190236400CE...m2m -> -5,755.00...unrealizedPnL -> 0.00
INFO:root:BANKNIFTY2190236400PE...m2m -> -4,777.50...unrealizedPnL -> 0.00
INFO:root:Total PnL -> -10532.5
INFO:root:Squaring off...BANKNIFTY2190236400CE...type -> NRML...quantity -> 0
INFO:root:Squaring off...BANKNIFTY2190236400PE...type -> NRML...quantity -> 0
INFO:root:*-*-*-*-*-*-*-*-*-*-*-*-*-*-*-*-*-*-*-*-*-*-*-*-*-*-*-*-*-*-*-*-*-*-*-*-*-*-*-*
INFO:root:Started StopLoss Square off @ 09/02/21-21:20:00
INFO:root:logging in alice blue
INFO:root:using existing token
INFO:alice_blue.alice_blue:Downloading master contracts for exchange: NSE
INFO:alice_blue.alice_blue:Downloading master contracts for exchange: NFO
ERROR:root:Some error occured -> get_date_curr_expiry() missing 1 required positional argument: 'atm_ce'
INFO:root:*-*-*-*-*-*-*-*-*-*-*-*-*-*-*-*-*-*-*-*-*-*-*-*-*-*-*-*-*-*-*-*-*-*-*-*-*-*-*-*
INFO:root:*-*-*-*-*-*-*-*-*-*-*-*-*-*-*-*-*-*-*-*-*-*-*-*-*-*-*-*-*-*-*-*-*-*-*-*-*-*-*-*
INFO:root:Started StopLoss Square off @ 09/02/21-21:22:28
INFO:root:logging in alice blue
INFO:root:using existing token
INFO:alice_blue.alice_blue:Downloading master contracts for exchange: NSE
INFO:alice_blue.alice_blue:Downloading master contracts for exchange: NFO
INFO:root:Squaring off...BANKNIFTY2190236600CE...type -> NRML...quantity -> 0
INFO:root:Squaring off...BANKNIFTY2190236600PE...type -> NRML...quantity -> 0
INFO:root:Squaring off...BANKNIFTY2190236800CE...type -> NRML...quantity -> 0
INFO:root:Squaring off...BANKNIFTY2190236800PE...type -> NRML...quantity -> 0
INFO:root:*-*-*-*-*-*-*-*-*-*-*-*-*-*-*-*-*-*-*-*-*-*-*-*-*-*-*-*-*-*-*-*-*-*-*-*-*-*-*-*
INFO:root:*-*-*-*-*-*-*-*-*-*-*-*-*-*-*-*-*-*-*-*-*-*-*-*-*-*-*-*-*-*-*-*-*-*-*-*-*-*-*-*
INFO:root:Started StopLoss Square off @ 09/21/21-15:43:42
INFO:root:logging in alice blue
INFO:alice_blue.alice_blue:Assuming answers for all 2FA questions are '1997', Please change it to '1997' if not
INFO:alice_blue.alice_blue:access_token - CksRXG-gSDQzcDJ1JQfvs75ZceO7Haz4C0kBiLrNz3E.tshDBsoBMf9XQy3G2ekV874HOGE4XnwGTKypdhX2oJQ
INFO:alice_blue.alice_blue:Downloading master contracts for exchange: NSE
INFO:alice_blue.alice_blue:Downloading master contracts for exchange: NFO
INFO:root:BANKNIFTY2192337000CE...m2m -> -2,992.50...unrealizedPnL -> 0.00
INFO:root:BANKNIFTY2192337000PE...m2m -> -6,933.75...unrealizedPnL -> 0.00
INFO:root:Total PnL -> -9926.25
INFO:root:Squaring off...BANKNIFTY2192337000CE...type -> NRML...quantity -> 0
INFO:root:Squaring off...BANKNIFTY2192337000PE...type -> NRML...quantity -> 0
INFO:root:*-*-*-*-*-*-*-*-*-*-*-*-*-*-*-*-*-*-*-*-*-*-*-*-*-*-*-*-*-*-*-*-*-*-*-*-*-*-*-*
INFO:root:Started StopLoss Square off @ 09/21/21-15:45:51
INFO:root:logging in alice blue
INFO:root:using existing token
INFO:alice_blue.alice_blue:Downloading master contracts for exchange: NSE
INFO:alice_blue.alice_blue:Downloading master contracts for exchange: NFO
INFO:root:BANKNIFTY2192337000CE...m2m -> -2,992.50...unrealizedPnL -> 0.00
INFO:root:BANKNIFTY2192337000PE...m2m -> -6,933.75...unrealizedPnL -> 0.00
INFO:root:Total PnL -> -9926.25
INFO:root:Squaring off...BANKNIFTY2192337000CE...type -> NRML...quantity -> 0
INFO:root:Squaring off...BANKNIFTY2192337000PE...type -> NRML...quantity -> 0
INFO:root:*-*-*-*-*-*-*-*-*-*-*-*-*-*-*-*-*-*-*-*-*-*-*-*-*-*-*-*-*-*-*-*-*-*-*-*-*-*-*-*
INFO:root:Started StopLoss Square off @ 09/29/21-12:41:49
INFO:root:logging in alice blue
INFO:root:using existing token
INFO:root:Login failed Alice...retrying in 1 mins
INFO:root:logging in alice blue
INFO:alice_blue.alice_blue:access_token - c6JkoWnX-soOCm0LpajXTJtLj8NBQFmJooxC7p196Qg.EqWfK44QPaJuP5tqj9WO6D1XvWtl0pxj1GgoAC8WsB4
INFO:alice_blue.alice_blue:Downloading master contracts for exchange: NSE
INFO:alice_blue.alice_blue:Downloading master contracts for exchange: NFO
INFO:root:BANKNIFTY21SEP37700CE...m2m -> 1,792.50...unrealizedPnL -> 1,792.50
INFO:root:BANKNIFTY21SEP37700PE...m2m -> 2,636.25...unrealizedPnL -> 2,636.25
INFO:root:Total PnL -> 4428.75
INFO:root:m2m not less than -9000 trying again in 1 mins 09/29/21-12:42:54
INFO:root:BANKNIFTY21SEP37700CE...m2m -> 1,713.75...unrealizedPnL -> 1,713.75
INFO:root:BANKNIFTY21SEP37700PE...m2m -> 2,782.50...unrealizedPnL -> 2,782.50
INFO:root:Total PnL -> 4496.25
INFO:root:m2m not less than -9000 trying again in 1 mins 09/29/21-12:43:54
INFO:root:BANKNIFTY21SEP37700CE...m2m -> 2,512.50...unrealizedPnL -> 2,512.50
INFO:root:BANKNIFTY21SEP37700PE...m2m -> 2,141.25...unrealizedPnL -> 2,141.25
INFO:root:Total PnL -> 4653.75
INFO:root:m2m not less than -9000 trying again in 1 mins 09/29/21-12:44:54
INFO:root:BANKNIFTY21SEP37700CE...m2m -> 2,133.75...unrealizedPnL -> 2,133.75
INFO:root:BANKNIFTY21SEP37700PE...m2m -> 2,505.00...unrealizedPnL -> 2,505.00
INFO:root:Total PnL -> 4638.75
INFO:root:m2m not less than -9000 trying again in 1 mins 09/29/21-12:45:55
INFO:root:BANKNIFTY21SEP37700CE...m2m -> 2,700.00...unrealizedPnL -> 2,700.00
INFO:root:BANKNIFTY21SEP37700PE...m2m -> 2,013.75...unrealizedPnL -> 2,013.75
INFO:root:Total PnL -> 4713.75
INFO:root:m2m not less than -9000 trying again in 1 mins 09/29/21-12:46:55
INFO:root:BANKNIFTY21SEP37700CE...m2m -> 3,131.25...unrealizedPnL -> 3,131.25
INFO:root:BANKNIFTY21SEP37700PE...m2m -> 1,548.75...unrealizedPnL -> 1,548.75
INFO:root:Total PnL -> 4680.0
INFO:root:m2m not less than -9000 trying again in 1 mins 09/29/21-12:47:55
INFO:root:BANKNIFTY21SEP37700CE...m2m -> 2,546.25...unrealizedPnL -> 2,546.25
INFO:root:BANKNIFTY21SEP37700PE...m2m -> 2,133.75...unrealizedPnL -> 2,133.75
INFO:root:Total PnL -> 4680.0
INFO:root:m2m not less than -9000 trying again in 1 mins 09/29/21-12:48:56
INFO:root:BANKNIFTY21SEP37700CE...m2m -> 2,557.50...unrealizedPnL -> 2,557.50
INFO:root:BANKNIFTY21SEP37700PE...m2m -> 2,340.00...unrealizedPnL -> 2,340.00
INFO:root:Total PnL -> 4897.5
INFO:root:m2m not less than -9000 trying again in 1 mins 09/29/21-12:49:56
INFO:root:BANKNIFTY21SEP37700CE...m2m -> 2,546.25...unrealizedPnL -> 2,546.25
INFO:root:BANKNIFTY21SEP37700PE...m2m -> 2,216.25...unrealizedPnL -> 2,216.25
INFO:root:Total PnL -> 4762.5
INFO:root:m2m not less than -9000 trying again in 1 mins 09/29/21-12:50:57
INFO:root:BANKNIFTY21SEP37700CE...m2m -> 1,725.00...unrealizedPnL -> 1,725.00
INFO:root:BANKNIFTY21SEP37700PE...m2m -> 2,850.00...unrealizedPnL -> 2,850.00
INFO:root:Total PnL -> 4575.0
INFO:root:m2m not less than -9000 trying again in 1 mins 09/29/21-12:51:57
INFO:root:BANKNIFTY21SEP37700CE...m2m -> 1,571.25...unrealizedPnL -> 1,571.25
INFO:root:BANKNIFTY21SEP37700PE...m2m -> 3,003.75...unrealizedPnL -> 3,003.75
INFO:root:Total PnL -> 4575.0
INFO:root:m2m not less than -9000 trying again in 1 mins 09/29/21-12:52:58
INFO:root:BANKNIFTY21SEP37700CE...m2m -> 1,526.25...unrealizedPnL -> 1,526.25
INFO:root:BANKNIFTY21SEP37700PE...m2m -> 3,071.25...unrealizedPnL -> 3,071.25
INFO:root:Total PnL -> 4597.5
INFO:root:m2m not less than -9000 trying again in 1 mins 09/29/21-12:53:58
INFO:root:BANKNIFTY21SEP37700CE...m2m -> 1,796.25...unrealizedPnL -> 1,796.25
INFO:root:BANKNIFTY21SEP37700PE...m2m -> 2,940.00...unrealizedPnL -> 2,940.00
INFO:root:Total PnL -> 4736.25
INFO:root:m2m not less than -9000 trying again in 1 mins 09/29/21-12:54:58
INFO:root:BANKNIFTY21SEP37700CE...m2m -> 2,190.00...unrealizedPnL -> 2,190.00
INFO:root:BANKNIFTY21SEP37700PE...m2m -> 2,546.25...unrealizedPnL -> 2,546.25
INFO:root:Total PnL -> 4736.25
INFO:root:m2m not less than -9000 trying again in 1 mins 09/29/21-12:55:59
INFO:root:BANKNIFTY21SEP37700CE...m2m -> 1,680.00...unrealizedPnL -> 1,680.00
INFO:root:BANKNIFTY21SEP37700PE...m2m -> 3,060.00...unrealizedPnL -> 3,060.00
INFO:root:Total PnL -> 4740.0
INFO:root:m2m not less than -9000 trying again in 1 mins 09/29/21-12:56:59
INFO:root:BANKNIFTY21SEP37700CE...m2m -> 990.00...unrealizedPnL -> 990.00
INFO:root:BANKNIFTY21SEP37700PE...m2m -> 3,438.75...unrealizedPnL -> 3,438.75
INFO:root:Total PnL -> 4428.75
INFO:root:m2m not less than -9000 trying again in 1 mins 09/29/21-12:58:00
INFO:root:BANKNIFTY21SEP37700CE...m2m -> 1,511.25...unrealizedPnL -> 1,511.25
INFO:root:BANKNIFTY21SEP37700PE...m2m -> 3,270.00...unrealizedPnL -> 3,270.00
INFO:root:Total PnL -> 4781.25
INFO:root:m2m not less than -9000 trying again in 1 mins 09/29/21-12:59:00
INFO:root:BANKNIFTY21SEP37700CE...m2m -> 1,552.50...unrealizedPnL -> 1,552.50
INFO:root:BANKNIFTY21SEP37700PE...m2m -> 3,420.00...unrealizedPnL -> 3,420.00
INFO:root:Total PnL -> 4972.5
INFO:root:m2m not less than -9000 trying again in 1 mins 09/29/21-13:00:01
INFO:root:BANKNIFTY21SEP37700CE...m2m -> 1,012.50...unrealizedPnL -> 1,012.50
INFO:root:BANKNIFTY21SEP37700PE...m2m -> 3,652.50...unrealizedPnL -> 3,652.50
INFO:root:Total PnL -> 4665.0
INFO:root:m2m not less than -9000 trying again in 1 mins 09/29/21-13:01:01
INFO:root:BANKNIFTY21SEP37700CE...m2m -> 1,200.00...unrealizedPnL -> 1,200.00
INFO:root:BANKNIFTY21SEP37700PE...m2m -> 3,690.00...unrealizedPnL -> 3,690.00
INFO:root:Total PnL -> 4890.0
INFO:root:m2m not less than -9000 trying again in 1 mins 09/29/21-13:02:02
INFO:root:BANKNIFTY21SEP37700CE...m2m -> 1,477.50...unrealizedPnL -> 1,477.50
INFO:root:BANKNIFTY21SEP37700PE...m2m -> 3,528.75...unrealizedPnL -> 3,528.75
INFO:root:Total PnL -> 5006.25
INFO:root:m2m not less than -9000 trying again in 1 mins 09/29/21-13:03:03
INFO:root:BANKNIFTY21SEP37700CE...m2m -> 1,818.75...unrealizedPnL -> 1,818.75
INFO:root:BANKNIFTY21SEP37700PE...m2m -> 3,108.75...unrealizedPnL -> 3,108.75
INFO:root:Total PnL -> 4927.5
INFO:root:m2m not less than -9000 trying again in 1 mins 09/29/21-13:04:03
INFO:root:BANKNIFTY21SEP37700CE...m2m -> 2,028.75...unrealizedPnL -> 2,028.75
INFO:root:BANKNIFTY21SEP37700PE...m2m -> 2,921.25...unrealizedPnL -> 2,921.25
INFO:root:Total PnL -> 4950.0
INFO:root:m2m not less than -9000 trying again in 1 mins 09/29/21-13:05:04
INFO:root:BANKNIFTY21SEP37700CE...m2m -> 1,983.75...unrealizedPnL -> 1,983.75
INFO:root:BANKNIFTY21SEP37700PE...m2m -> 3,015.00...unrealizedPnL -> 3,015.00
INFO:root:Total PnL -> 4998.75
INFO:root:m2m not less than -9000 trying again in 1 mins 09/29/21-13:06:04
INFO:root:BANKNIFTY21SEP37700CE...m2m -> 1,275.00...unrealizedPnL -> 1,275.00
INFO:root:BANKNIFTY21SEP37700PE...m2m -> 3,888.75...unrealizedPnL -> 3,888.75
INFO:root:Total PnL -> 5163.75
INFO:root:m2m not less than -9000 trying again in 1 mins 09/29/21-13:07:07
INFO:root:BANKNIFTY21SEP37700CE...m2m -> 221.25...unrealizedPnL -> 221.25
INFO:root:BANKNIFTY21SEP37700PE...m2m -> 4,522.50...unrealizedPnL -> 4,522.50
INFO:root:Total PnL -> 4743.75
INFO:root:m2m not less than -9000 trying again in 1 mins 09/29/21-13:08:07
INFO:root:BANKNIFTY21SEP37700CE...m2m -> -108.75...unrealizedPnL -> -108.75
INFO:root:BANKNIFTY21SEP37700PE...m2m -> 4,976.25...unrealizedPnL -> 4,976.25
INFO:root:Total PnL -> 4867.5
INFO:root:m2m not less than -9000 trying again in 1 mins 09/29/21-13:09:09
INFO:root:BANKNIFTY21SEP37700CE...m2m -> -3,108.75...unrealizedPnL -> -3,108.75
INFO:root:BANKNIFTY21SEP37700PE...m2m -> 6,941.25...unrealizedPnL -> 6,941.25
INFO:root:Total PnL -> 3832.5
INFO:root:m2m not less than -9000 trying again in 1 mins 09/29/21-13:10:09
INFO:root:BANKNIFTY21SEP37700CE...m2m -> -2,737.50...unrealizedPnL -> -2,737.50
INFO:root:BANKNIFTY21SEP37700PE...m2m -> 7,065.00...unrealizedPnL -> 7,065.00
INFO:root:Total PnL -> 4327.5
INFO:root:m2m not less than -9000 trying again in 1 mins 09/29/21-13:11:09
INFO:root:BANKNIFTY21SEP37700CE...m2m -> -5,921.25...unrealizedPnL -> 0.00
INFO:root:BANKNIFTY21SEP37700PE...m2m -> 7,897.50...unrealizedPnL -> 7,897.50
INFO:root:Total PnL -> 1976.25
INFO:root:m2m not less than -9000 trying again in 1 mins 09/29/21-13:12:10
INFO:root:BANKNIFTY21SEP37700CE...m2m -> -5,921.25...unrealizedPnL -> 0.00
INFO:root:BANKNIFTY21SEP37700PE...m2m -> 7,635.00...unrealizedPnL -> 7,635.00
INFO:root:Total PnL -> 1713.75
INFO:root:m2m not less than -9000 trying again in 1 mins 09/29/21-13:13:10
INFO:root:BANKNIFTY21SEP37700CE...m2m -> -5,921.25...unrealizedPnL -> 0.00
INFO:root:BANKNIFTY21SEP37700PE...m2m -> 7,455.00...unrealizedPnL -> 7,455.00
INFO:root:Total PnL -> 1533.75
INFO:root:m2m not less than -9000 trying again in 1 mins 09/29/21-13:14:11
INFO:root:BANKNIFTY21SEP37700CE...m2m -> -5,921.25...unrealizedPnL -> 0.00
INFO:root:BANKNIFTY21SEP37700PE...m2m -> 7,642.50...unrealizedPnL -> 7,642.50
INFO:root:Total PnL -> 1721.25
INFO:root:m2m not less than -9000 trying again in 1 mins 09/29/21-13:15:12
INFO:root:BANKNIFTY21SEP37700CE...m2m -> -5,921.25...unrealizedPnL -> 0.00
INFO:root:BANKNIFTY21SEP37700PE...m2m -> 7,860.00...unrealizedPnL -> 7,860.00
INFO:root:Total PnL -> 1938.75
INFO:root:m2m not less than -9000 trying again in 1 mins 09/29/21-13:16:12
INFO:root:BANKNIFTY21SEP37700CE...m2m -> -5,921.25...unrealizedPnL -> 0.00
INFO:root:BANKNIFTY21SEP37700PE...m2m -> 7,271.25...unrealizedPnL -> 7,271.25
INFO:root:Total PnL -> 1350.0
INFO:root:m2m not less than -9000 trying again in 1 mins 09/29/21-13:17:13
INFO:root:BANKNIFTY21SEP37700CE...m2m -> -5,921.25...unrealizedPnL -> 0.00
INFO:root:BANKNIFTY21SEP37700PE...m2m -> 7,147.50...unrealizedPnL -> 7,147.50
INFO:root:Total PnL -> 1226.25
INFO:root:m2m not less than -9000 trying again in 1 mins 09/29/21-13:18:13
INFO:root:BANKNIFTY21SEP37700CE...m2m -> -5,921.25...unrealizedPnL -> 0.00
INFO:root:BANKNIFTY21SEP37700PE...m2m -> 7,391.25...unrealizedPnL -> 7,391.25
INFO:root:Total PnL -> 1470.0
INFO:root:m2m not less than -9000 trying again in 1 mins 09/29/21-13:19:13
INFO:root:BANKNIFTY21SEP37700CE...m2m -> -5,921.25...unrealizedPnL -> 0.00
INFO:root:BANKNIFTY21SEP37700PE...m2m -> 7,192.50...unrealizedPnL -> 7,192.50
INFO:root:Total PnL -> 1271.25
INFO:root:m2m not less than -9000 trying again in 1 mins 09/29/21-13:20:14
INFO:root:BANKNIFTY21SEP37700CE...m2m -> -5,921.25...unrealizedPnL -> 0.00
INFO:root:BANKNIFTY21SEP37700PE...m2m -> 7,897.50...unrealizedPnL -> 7,897.50
INFO:root:Total PnL -> 1976.25
INFO:root:m2m not less than -9000 trying again in 1 mins 09/29/21-13:21:17
INFO:root:BANKNIFTY21SEP37700CE...m2m -> -5,921.25...unrealizedPnL -> 0.00
INFO:root:BANKNIFTY21SEP37700PE...m2m -> 7,788.75...unrealizedPnL -> 7,788.75
INFO:root:Total PnL -> 1867.5
INFO:root:m2m not less than -9000 trying again in 1 mins 09/29/21-13:22:17
INFO:root:BANKNIFTY21SEP37700CE...m2m -> -5,921.25...unrealizedPnL -> 0.00
INFO:root:BANKNIFTY21SEP37700PE...m2m -> 8,137.50...unrealizedPnL -> 8,137.50
INFO:root:Total PnL -> 2216.25
INFO:root:m2m not less than -9000 trying again in 1 mins 09/29/21-13:23:17
INFO:root:BANKNIFTY21SEP37700CE...m2m -> -5,921.25...unrealizedPnL -> 0.00
INFO:root:BANKNIFTY21SEP37700PE...m2m -> 8,561.25...unrealizedPnL -> 8,561.25
INFO:root:Total PnL -> 2640.0
INFO:root:m2m not less than -9000 trying again in 1 mins 09/29/21-13:24:18
INFO:root:BANKNIFTY21SEP37700CE...m2m -> -5,921.25...unrealizedPnL -> 0.00
INFO:root:BANKNIFTY21SEP37700PE...m2m -> 8,310.00...unrealizedPnL -> 8,310.00
INFO:root:Total PnL -> 2388.75
INFO:root:m2m not less than -9000 trying again in 1 mins 09/29/21-13:25:18
INFO:root:BANKNIFTY21SEP37700CE...m2m -> -5,921.25...unrealizedPnL -> 0.00
INFO:root:BANKNIFTY21SEP37700PE...m2m -> 7,845.00...unrealizedPnL -> 7,845.00
INFO:root:Total PnL -> 1923.75
INFO:root:m2m not less than -9000 trying again in 1 mins 09/29/21-13:26:18
INFO:root:BANKNIFTY21SEP37700CE...m2m -> -5,921.25...unrealizedPnL -> 0.00
INFO:root:BANKNIFTY21SEP37700PE...m2m -> 7,548.75...unrealizedPnL -> 7,548.75
INFO:root:Total PnL -> 1627.5
INFO:root:m2m not less than -9000 trying again in 1 mins 09/29/21-13:27:19
INFO:root:BANKNIFTY21SEP37700CE...m2m -> -5,921.25...unrealizedPnL -> 0.00
INFO:root:BANKNIFTY21SEP37700PE...m2m -> 7,308.75...unrealizedPnL -> 7,308.75
INFO:root:Total PnL -> 1387.5
INFO:root:m2m not less than -9000 trying again in 1 mins 09/29/21-13:28:19
INFO:root:BANKNIFTY21SEP37700CE...m2m -> -5,921.25...unrealizedPnL -> 0.00
INFO:root:BANKNIFTY21SEP37700PE...m2m -> 8,133.75...unrealizedPnL -> 8,133.75
INFO:root:Total PnL -> 2212.5
INFO:root:m2m not less than -9000 trying again in 1 mins 09/29/21-13:29:19
INFO:root:BANKNIFTY21SEP37700CE...m2m -> -5,921.25...unrealizedPnL -> 0.00
INFO:root:BANKNIFTY21SEP37700PE...m2m -> 9,292.50...unrealizedPnL -> 9,292.50
INFO:root:Total PnL -> 3371.25
INFO:root:m2m not less than -9000 trying again in 1 mins 09/29/21-13:30:20
INFO:root:BANKNIFTY21SEP37700CE...m2m -> -5,921.25...unrealizedPnL -> 0.00
INFO:root:BANKNIFTY21SEP37700PE...m2m -> 8,302.50...unrealizedPnL -> 8,302.50
INFO:root:Total PnL -> 2381.25
INFO:root:m2m not less than -9000 trying again in 1 mins 09/29/21-13:31:20
INFO:root:BANKNIFTY21SEP37700CE...m2m -> -5,921.25...unrealizedPnL -> 0.00
INFO:root:BANKNIFTY21SEP37700PE...m2m -> 8,445.00...unrealizedPnL -> 8,445.00
INFO:root:Total PnL -> 2523.75
INFO:root:m2m not less than -9000 trying again in 1 mins 09/29/21-13:32:21
INFO:root:BANKNIFTY21SEP37700CE...m2m -> -5,921.25...unrealizedPnL -> 0.00
INFO:root:BANKNIFTY21SEP37700PE...m2m -> 8,160.00...unrealizedPnL -> 8,160.00
INFO:root:Total PnL -> 2238.75
INFO:root:m2m not less than -9000 trying again in 1 mins 09/29/21-13:33:22
INFO:root:BANKNIFTY21SEP37700CE...m2m -> -5,921.25...unrealizedPnL -> 0.00
INFO:root:BANKNIFTY21SEP37700PE...m2m -> 7,856.25...unrealizedPnL -> 7,856.25
INFO:root:Total PnL -> 1935.0
INFO:root:m2m not less than -9000 trying again in 1 mins 09/29/21-13:34:22
INFO:root:BANKNIFTY21SEP37700CE...m2m -> -5,921.25...unrealizedPnL -> 0.00
INFO:root:BANKNIFTY21SEP37700PE...m2m -> 7,413.75...unrealizedPnL -> 7,413.75
INFO:root:Total PnL -> 1492.5
INFO:root:m2m not less than -9000 trying again in 1 mins 09/29/21-13:35:23
INFO:root:BANKNIFTY21SEP37700CE...m2m -> -5,921.25...unrealizedPnL -> 0.00
INFO:root:BANKNIFTY21SEP37700PE...m2m -> 7,188.75...unrealizedPnL -> 7,188.75
INFO:root:Total PnL -> 1267.5
INFO:root:m2m not less than -9000 trying again in 1 mins 09/29/21-13:36:23
INFO:root:BANKNIFTY21SEP37700CE...m2m -> -5,921.25...unrealizedPnL -> 0.00
INFO:root:BANKNIFTY21SEP37700PE...m2m -> 8,482.50...unrealizedPnL -> 8,482.50
INFO:root:Total PnL -> 2561.25
INFO:root:m2m not less than -9000 trying again in 1 mins 09/29/21-13:37:24
INFO:root:BANKNIFTY21SEP37700CE...m2m -> -5,921.25...unrealizedPnL -> 0.00
INFO:root:BANKNIFTY21SEP37700PE...m2m -> 7,987.50...unrealizedPnL -> 7,987.50
INFO:root:Total PnL -> 2066.25
INFO:root:m2m not less than -9000 trying again in 1 mins 09/29/21-13:38:24
INFO:root:BANKNIFTY21SEP37700CE...m2m -> -5,921.25...unrealizedPnL -> 0.00
INFO:root:BANKNIFTY21SEP37700PE...m2m -> 8,268.75...unrealizedPnL -> 8,268.75
INFO:root:Total PnL -> 2347.5
INFO:root:m2m not less than -9000 trying again in 1 mins 09/29/21-13:39:24
INFO:root:BANKNIFTY21SEP37700CE...m2m -> -5,921.25...unrealizedPnL -> 0.00
INFO:root:BANKNIFTY21SEP37700PE...m2m -> 8,201.25...unrealizedPnL -> 8,201.25
INFO:root:Total PnL -> 2280.0
INFO:root:m2m not less than -9000 trying again in 1 mins 09/29/21-13:40:25
INFO:root:BANKNIFTY21SEP37700CE...m2m -> -5,921.25...unrealizedPnL -> 0.00
INFO:root:BANKNIFTY21SEP37700PE...m2m -> 7,927.50...unrealizedPnL -> 7,927.50
INFO:root:Total PnL -> 2006.25
INFO:root:m2m not less than -9000 trying again in 1 mins 09/29/21-13:41:25
INFO:root:BANKNIFTY21SEP37700CE...m2m -> -5,921.25...unrealizedPnL -> 0.00
INFO:root:BANKNIFTY21SEP37700PE...m2m -> 7,863.75...unrealizedPnL -> 7,863.75
INFO:root:Total PnL -> 1942.5
INFO:root:m2m not less than -9000 trying again in 1 mins 09/29/21-13:42:25
INFO:root:BANKNIFTY21SEP37700CE...m2m -> -5,921.25...unrealizedPnL -> 0.00
INFO:root:BANKNIFTY21SEP37700PE...m2m -> 7,233.75...unrealizedPnL -> 7,233.75
INFO:root:Total PnL -> 1312.5
INFO:root:m2m not less than -9000 trying again in 1 mins 09/29/21-13:43:26
INFO:root:BANKNIFTY21SEP37700CE...m2m -> -5,921.25...unrealizedPnL -> 0.00
INFO:root:BANKNIFTY21SEP37700PE...m2m -> 6,423.75...unrealizedPnL -> 6,423.75
INFO:root:Total PnL -> 502.5
INFO:root:m2m not less than -9000 trying again in 1 mins 09/29/21-13:44:26
INFO:root:BANKNIFTY21SEP37700CE...m2m -> -5,921.25...unrealizedPnL -> 0.00
INFO:root:BANKNIFTY21SEP37700PE...m2m -> 6,618.75...unrealizedPnL -> 6,618.75
INFO:root:Total PnL -> 697.5
INFO:root:m2m not less than -9000 trying again in 1 mins 09/29/21-13:45:27
INFO:root:BANKNIFTY21SEP37700CE...m2m -> -5,921.25...unrealizedPnL -> 0.00
INFO:root:BANKNIFTY21SEP37700PE...m2m -> 7,537.50...unrealizedPnL -> 7,537.50
INFO:root:Total PnL -> 1616.25
INFO:root:m2m not less than -9000 trying again in 1 mins 09/29/21-13:46:27
INFO:root:BANKNIFTY21SEP37700CE...m2m -> -5,921.25...unrealizedPnL -> 0.00
INFO:root:BANKNIFTY21SEP37700PE...m2m -> 7,230.00...unrealizedPnL -> 7,230.00
INFO:root:Total PnL -> 1308.75
INFO:root:m2m not less than -9000 trying again in 1 mins 09/29/21-13:47:28
INFO:root:BANKNIFTY21SEP37700CE...m2m -> -5,921.25...unrealizedPnL -> 0.00
INFO:root:BANKNIFTY21SEP37700PE...m2m -> 6,982.50...unrealizedPnL -> 6,982.50
INFO:root:Total PnL -> 1061.25
INFO:root:m2m not less than -9000 trying again in 1 mins 09/29/21-13:48:28
INFO:root:BANKNIFTY21SEP37700CE...m2m -> -5,921.25...unrealizedPnL -> 0.00
INFO:root:BANKNIFTY21SEP37700PE...m2m -> 7,263.75...unrealizedPnL -> 7,263.75
INFO:root:Total PnL -> 1342.5
INFO:root:m2m not less than -9000 trying again in 1 mins 09/29/21-13:49:28
INFO:root:BANKNIFTY21SEP37700CE...m2m -> -5,921.25...unrealizedPnL -> 0.00
INFO:root:BANKNIFTY21SEP37700PE...m2m -> 7,188.75...unrealizedPnL -> 7,188.75
INFO:root:Total PnL -> 1267.5
INFO:root:m2m not less than -9000 trying again in 1 mins 09/29/21-13:50:29
INFO:root:BANKNIFTY21SEP37700CE...m2m -> -5,921.25...unrealizedPnL -> 0.00
INFO:root:BANKNIFTY21SEP37700PE...m2m -> 7,447.50...unrealizedPnL -> 7,447.50
INFO:root:Total PnL -> 1526.25
INFO:root:m2m not less than -9000 trying again in 1 mins 09/29/21-13:51:29
INFO:root:BANKNIFTY21SEP37700CE...m2m -> -5,921.25...unrealizedPnL -> 0.00
INFO:root:BANKNIFTY21SEP37700PE...m2m -> 7,758.75...unrealizedPnL -> 7,758.75
INFO:root:Total PnL -> 1837.5
INFO:root:m2m not less than -9000 trying again in 1 mins 09/29/21-13:52:30
INFO:root:BANKNIFTY21SEP37700CE...m2m -> -5,921.25...unrealizedPnL -> 0.00
INFO:root:BANKNIFTY21SEP37700PE...m2m -> 7,402.50...unrealizedPnL -> 7,402.50
INFO:root:Total PnL -> 1481.25
INFO:root:m2m not less than -9000 trying again in 1 mins 09/29/21-13:53:30
INFO:root:BANKNIFTY21SEP37700CE...m2m -> -5,921.25...unrealizedPnL -> 0.00
INFO:root:BANKNIFTY21SEP37700PE...m2m -> 6,757.50...unrealizedPnL -> 6,757.50
INFO:root:Total PnL -> 836.25
INFO:root:m2m not less than -9000 trying again in 1 mins 09/29/21-13:54:30
INFO:root:BANKNIFTY21SEP37700CE...m2m -> -5,921.25...unrealizedPnL -> 0.00
INFO:root:BANKNIFTY21SEP37700PE...m2m -> 6,341.25...unrealizedPnL -> 6,341.25
INFO:root:Total PnL -> 420.0
INFO:root:m2m not less than -9000 trying again in 1 mins 09/29/21-13:55:31
INFO:root:BANKNIFTY21SEP37700CE...m2m -> -5,921.25...unrealizedPnL -> 0.00
INFO:root:BANKNIFTY21SEP37700PE...m2m -> 6,948.75...unrealizedPnL -> 6,948.75
INFO:root:Total PnL -> 1027.5
INFO:root:m2m not less than -9000 trying again in 1 mins 09/29/21-13:56:31
INFO:root:BANKNIFTY21SEP37700CE...m2m -> -5,921.25...unrealizedPnL -> 0.00
INFO:root:BANKNIFTY21SEP37700PE...m2m -> 7,451.25...unrealizedPnL -> 7,451.25
INFO:root:Total PnL -> 1530.0
INFO:root:m2m not less than -9000 trying again in 1 mins 09/29/21-13:57:32
INFO:root:BANKNIFTY21SEP37700CE...m2m -> -5,921.25...unrealizedPnL -> 0.00
INFO:root:BANKNIFTY21SEP37700PE...m2m -> 7,635.00...unrealizedPnL -> 7,635.00
INFO:root:Total PnL -> 1713.75
INFO:root:m2m not less than -9000 trying again in 1 mins 09/29/21-13:58:32
INFO:root:BANKNIFTY21SEP37700CE...m2m -> -5,921.25...unrealizedPnL -> 0.00
INFO:root:BANKNIFTY21SEP37700PE...m2m -> 7,368.75...unrealizedPnL -> 7,368.75
INFO:root:Total PnL -> 1447.5
INFO:root:m2m not less than -9000 trying again in 1 mins 09/29/21-13:59:32
INFO:root:BANKNIFTY21SEP37700CE...m2m -> -5,921.25...unrealizedPnL -> 0.00
INFO:root:BANKNIFTY21SEP37700PE...m2m -> 8,036.25...unrealizedPnL -> 8,036.25
INFO:root:Total PnL -> 2115.0
INFO:root:m2m not less than -9000 trying again in 1 mins 09/29/21-14:00:33
INFO:root:BANKNIFTY21SEP37700CE...m2m -> -5,921.25...unrealizedPnL -> 0.00
INFO:root:BANKNIFTY21SEP37700PE...m2m -> 7,616.25...unrealizedPnL -> 7,616.25
INFO:root:Total PnL -> 1695.0
INFO:root:m2m not less than -9000 trying again in 1 mins 09/29/21-14:01:33
INFO:root:BANKNIFTY21SEP37700CE...m2m -> -5,921.25...unrealizedPnL -> 0.00
INFO:root:BANKNIFTY21SEP37700PE...m2m -> 7,526.25...unrealizedPnL -> 7,526.25
INFO:root:Total PnL -> 1605.0
INFO:root:m2m not less than -9000 trying again in 1 mins 09/29/21-14:02:34
INFO:root:BANKNIFTY21SEP37700CE...m2m -> -5,921.25...unrealizedPnL -> 0.00
INFO:root:BANKNIFTY21SEP37700PE...m2m -> 7,740.00...unrealizedPnL -> 7,740.00
INFO:root:Total PnL -> 1818.75
INFO:root:m2m not less than -9000 trying again in 1 mins 09/29/21-14:03:36
INFO:root:BANKNIFTY21SEP37700CE...m2m -> -5,921.25...unrealizedPnL -> 0.00
INFO:root:BANKNIFTY21SEP37700PE...m2m -> 7,620.00...unrealizedPnL -> 7,620.00
INFO:root:Total PnL -> 1698.75
INFO:root:m2m not less than -9000 trying again in 1 mins 09/29/21-14:04:37
INFO:root:BANKNIFTY21SEP37700CE...m2m -> -5,921.25...unrealizedPnL -> 0.00
INFO:root:BANKNIFTY21SEP37700PE...m2m -> 7,552.50...unrealizedPnL -> 7,552.50
INFO:root:Total PnL -> 1631.25
INFO:root:m2m not less than -9000 trying again in 1 mins 09/29/21-14:05:37
INFO:root:BANKNIFTY21SEP37700CE...m2m -> -5,921.25...unrealizedPnL -> 0.00
INFO:root:BANKNIFTY21SEP37700PE...m2m -> 7,275.00...unrealizedPnL -> 7,275.00
INFO:root:Total PnL -> 1353.75
INFO:root:m2m not less than -9000 trying again in 1 mins 09/29/21-14:06:37
INFO:root:BANKNIFTY21SEP37700CE...m2m -> -5,921.25...unrealizedPnL -> 0.00
INFO:root:BANKNIFTY21SEP37700PE...m2m -> 7,668.75...unrealizedPnL -> 7,668.75
INFO:root:Total PnL -> 1747.5
INFO:root:m2m not less than -9000 trying again in 1 mins 09/29/21-14:07:38
INFO:root:BANKNIFTY21SEP37700CE...m2m -> -5,921.25...unrealizedPnL -> 0.00
INFO:root:BANKNIFTY21SEP37700PE...m2m -> 7,650.00...unrealizedPnL -> 7,650.00
INFO:root:Total PnL -> 1728.75
INFO:root:m2m not less than -9000 trying again in 1 mins 09/29/21-14:08:38
INFO:root:BANKNIFTY21SEP37700CE...m2m -> -5,921.25...unrealizedPnL -> 0.00
INFO:root:BANKNIFTY21SEP37700PE...m2m -> 7,706.25...unrealizedPnL -> 7,706.25
INFO:root:Total PnL -> 1785.0
INFO:root:m2m not less than -9000 trying again in 1 mins 09/29/21-14:09:39
INFO:root:BANKNIFTY21SEP37700CE...m2m -> -5,921.25...unrealizedPnL -> 0.00
INFO:root:BANKNIFTY21SEP37700PE...m2m -> 7,800.00...unrealizedPnL -> 7,800.00
INFO:root:Total PnL -> 1878.75
INFO:root:m2m not less than -9000 trying again in 1 mins 09/29/21-14:10:39
INFO:root:BANKNIFTY21SEP37700CE...m2m -> -5,921.25...unrealizedPnL -> 0.00
INFO:root:BANKNIFTY21SEP37700PE...m2m -> 7,965.00...unrealizedPnL -> 7,965.00
INFO:root:Total PnL -> 2043.75
INFO:root:m2m not less than -9000 trying again in 1 mins 09/29/21-14:11:39
INFO:root:BANKNIFTY21SEP37700CE...m2m -> -5,921.25...unrealizedPnL -> 0.00
INFO:root:BANKNIFTY21SEP37700PE...m2m -> 7,935.00...unrealizedPnL -> 7,935.00
INFO:root:Total PnL -> 2013.75
INFO:root:m2m not less than -9000 trying again in 1 mins 09/29/21-14:12:41
INFO:root:BANKNIFTY21SEP37700CE...m2m -> -5,921.25...unrealizedPnL -> 0.00
INFO:root:BANKNIFTY21SEP37700PE...m2m -> 9,157.50...unrealizedPnL -> 9,157.50
INFO:root:Total PnL -> 3236.25
INFO:root:m2m not less than -9000 trying again in 1 mins 09/29/21-14:13:41
INFO:root:BANKNIFTY21SEP37700CE...m2m -> -5,921.25...unrealizedPnL -> 0.00
INFO:root:BANKNIFTY21SEP37700PE...m2m -> 8,910.00...unrealizedPnL -> 8,910.00
INFO:root:Total PnL -> 2988.75
INFO:root:m2m not less than -9000 trying again in 1 mins 09/29/21-14:14:42
INFO:root:BANKNIFTY21SEP37700CE...m2m -> -5,921.25...unrealizedPnL -> 0.00
INFO:root:BANKNIFTY21SEP37700PE...m2m -> 9,600.00...unrealizedPnL -> 9,600.00
INFO:root:Total PnL -> 3678.75
INFO:root:m2m not less than -9000 trying again in 1 mins 09/29/21-14:15:42
INFO:root:BANKNIFTY21SEP37700CE...m2m -> -5,921.25...unrealizedPnL -> 0.00
INFO:root:BANKNIFTY21SEP37700PE...m2m -> 10,005.00...unrealizedPnL -> 10,005.00
INFO:root:Total PnL -> 4083.75
INFO:root:m2m not less than -9000 trying again in 1 mins 09/29/21-14:16:43
INFO:root:BANKNIFTY21SEP37700CE...m2m -> -5,921.25...unrealizedPnL -> 0.00
INFO:root:BANKNIFTY21SEP37700PE...m2m -> 9,528.75...unrealizedPnL -> 9,528.75
INFO:root:Total PnL -> 3607.5
INFO:root:m2m not less than -9000 trying again in 1 mins 09/29/21-14:17:43
INFO:root:BANKNIFTY21SEP37700CE...m2m -> -5,921.25...unrealizedPnL -> 0.00
INFO:root:BANKNIFTY21SEP37700PE...m2m -> 9,600.00...unrealizedPnL -> 9,600.00
INFO:root:Total PnL -> 3678.75
INFO:root:m2m not less than -9000 trying again in 1 mins 09/29/21-14:18:43
INFO:root:BANKNIFTY21SEP37700CE...m2m -> -5,921.25...unrealizedPnL -> 0.00
INFO:root:BANKNIFTY21SEP37700PE...m2m -> 10,188.75...unrealizedPnL -> 10,188.75
INFO:root:Total PnL -> 4267.5
INFO:root:m2m not less than -9000 trying again in 1 mins 09/29/21-14:19:44
INFO:root:BANKNIFTY21SEP37700CE...m2m -> -5,921.25...unrealizedPnL -> 0.00
INFO:root:BANKNIFTY21SEP37700PE...m2m -> 9,783.75...unrealizedPnL -> 9,783.75
INFO:root:Total PnL -> 3862.5
INFO:root:m2m not less than -9000 trying again in 1 mins 09/29/21-14:20:44
INFO:root:BANKNIFTY21SEP37700CE...m2m -> -5,921.25...unrealizedPnL -> 0.00
INFO:root:BANKNIFTY21SEP37700PE...m2m -> 10,545.00...unrealizedPnL -> 10,545.00
INFO:root:Total PnL -> 4623.75
INFO:root:m2m not less than -9000 trying again in 1 mins 09/29/21-14:21:44
INFO:root:BANKNIFTY21SEP37700CE...m2m -> -5,921.25...unrealizedPnL -> 0.00
INFO:root:BANKNIFTY21SEP37700PE...m2m -> 10,567.50...unrealizedPnL -> 10,567.50
INFO:root:Total PnL -> 4646.25
INFO:root:m2m not less than -9000 trying again in 1 mins 09/29/21-14:22:45
INFO:root:BANKNIFTY21SEP37700CE...m2m -> -5,921.25...unrealizedPnL -> 0.00
INFO:root:BANKNIFTY21SEP37700PE...m2m -> 10,391.25...unrealizedPnL -> 10,391.25
INFO:root:Total PnL -> 4470.0
INFO:root:m2m not less than -9000 trying again in 1 mins 09/29/21-14:23:45
INFO:root:BANKNIFTY21SEP37700CE...m2m -> -5,921.25...unrealizedPnL -> 0.00
INFO:root:BANKNIFTY21SEP37700PE...m2m -> 9,723.75...unrealizedPnL -> 9,723.75
INFO:root:Total PnL -> 3802.5
INFO:root:m2m not less than -9000 trying again in 1 mins 09/29/21-14:24:46
INFO:root:BANKNIFTY21SEP37700CE...m2m -> -5,921.25...unrealizedPnL -> 0.00
INFO:root:BANKNIFTY21SEP37700PE...m2m -> 9,690.00...unrealizedPnL -> 9,690.00
INFO:root:Total PnL -> 3768.75
INFO:root:m2m not less than -9000 trying again in 1 mins 09/29/21-14:25:46
INFO:root:BANKNIFTY21SEP37700CE...m2m -> -5,921.25...unrealizedPnL -> 0.00
INFO:root:BANKNIFTY21SEP37700PE...m2m -> 10,222.50...unrealizedPnL -> 10,222.50
INFO:root:Total PnL -> 4301.25
INFO:root:m2m not less than -9000 trying again in 1 mins 09/29/21-14:26:47
INFO:root:BANKNIFTY21SEP37700CE...m2m -> -5,921.25...unrealizedPnL -> 0.00
INFO:root:BANKNIFTY21SEP37700PE...m2m -> 10,608.75...unrealizedPnL -> 10,608.75
INFO:root:Total PnL -> 4687.5
INFO:root:m2m not less than -9000 trying again in 1 mins 09/29/21-14:27:47
INFO:root:BANKNIFTY21SEP37700CE...m2m -> -5,921.25...unrealizedPnL -> 0.00
INFO:root:BANKNIFTY21SEP37700PE...m2m -> 9,990.00...unrealizedPnL -> 9,990.00
INFO:root:Total PnL -> 4068.75
INFO:root:m2m not less than -9000 trying again in 1 mins 09/29/21-14:28:47
INFO:root:BANKNIFTY21SEP37700CE...m2m -> -5,921.25...unrealizedPnL -> 0.00
INFO:root:BANKNIFTY21SEP37700PE...m2m -> 10,016.25...unrealizedPnL -> 10,016.25
INFO:root:Total PnL -> 4095.0
INFO:root:m2m not less than -9000 trying again in 1 mins 09/29/21-14:29:48
INFO:root:BANKNIFTY21SEP37700CE...m2m -> -5,921.25...unrealizedPnL -> 0.00
INFO:root:BANKNIFTY21SEP37700PE...m2m -> 9,948.75...unrealizedPnL -> 9,948.75
INFO:root:Total PnL -> 4027.5
INFO:root:m2m not less than -9000 trying again in 1 mins 09/29/21-14:30:48
INFO:root:BANKNIFTY21SEP37700CE...m2m -> -5,921.25...unrealizedPnL -> 0.00
INFO:root:BANKNIFTY21SEP37700PE...m2m -> 9,997.50...unrealizedPnL -> 9,997.50
INFO:root:Total PnL -> 4076.25
INFO:root:m2m not less than -9000 trying again in 1 mins 09/29/21-14:31:50
INFO:root:BANKNIFTY21SEP37700CE...m2m -> -5,921.25...unrealizedPnL -> 0.00
INFO:root:BANKNIFTY21SEP37700PE...m2m -> 9,611.25...unrealizedPnL -> 9,611.25
INFO:root:Total PnL -> 3690.0
INFO:root:m2m not less than -9000 trying again in 1 mins 09/29/21-14:32:50
INFO:root:BANKNIFTY21SEP37700CE...m2m -> -5,921.25...unrealizedPnL -> 0.00
INFO:root:BANKNIFTY21SEP37700PE...m2m -> 9,442.50...unrealizedPnL -> 9,442.50
INFO:root:Total PnL -> 3521.25
INFO:root:m2m not less than -9000 trying again in 1 mins 09/29/21-14:33:50
INFO:root:BANKNIFTY21SEP37700CE...m2m -> -5,921.25...unrealizedPnL -> 0.00
INFO:root:BANKNIFTY21SEP37700PE...m2m -> 9,836.25...unrealizedPnL -> 9,836.25
INFO:root:Total PnL -> 3915.0
INFO:root:m2m not less than -9000 trying again in 1 mins 09/29/21-14:34:51
INFO:root:BANKNIFTY21SEP37700CE...m2m -> -5,921.25...unrealizedPnL -> 0.00
INFO:root:BANKNIFTY21SEP37700PE...m2m -> 9,622.50...unrealizedPnL -> 9,622.50
INFO:root:Total PnL -> 3701.25
INFO:root:m2m not less than -9000 trying again in 1 mins 09/29/21-14:35:51
INFO:root:BANKNIFTY21SEP37700CE...m2m -> -5,921.25...unrealizedPnL -> 0.00
INFO:root:BANKNIFTY21SEP37700PE...m2m -> 10,488.75...unrealizedPnL -> 10,488.75
INFO:root:Total PnL -> 4567.5
INFO:root:m2m not less than -9000 trying again in 1 mins 09/29/21-14:36:52
INFO:root:BANKNIFTY21SEP37700CE...m2m -> -5,921.25...unrealizedPnL -> 0.00
INFO:root:BANKNIFTY21SEP37700PE...m2m -> 9,701.25...unrealizedPnL -> 9,701.25
INFO:root:Total PnL -> 3780.0
INFO:root:m2m not less than -9000 trying again in 1 mins 09/29/21-14:37:52
INFO:root:BANKNIFTY21SEP37700CE...m2m -> -5,921.25...unrealizedPnL -> 0.00
INFO:root:BANKNIFTY21SEP37700PE...m2m -> 9,862.50...unrealizedPnL -> 9,862.50
INFO:root:Total PnL -> 3941.25
INFO:root:m2m not less than -9000 trying again in 1 mins 09/29/21-14:38:52
INFO:root:BANKNIFTY21SEP37700CE...m2m -> -5,921.25...unrealizedPnL -> 0.00
INFO:root:BANKNIFTY21SEP37700PE...m2m -> 9,832.50...unrealizedPnL -> 9,832.50
INFO:root:Total PnL -> 3911.25
INFO:root:m2m not less than -9000 trying again in 1 mins 09/29/21-14:39:53
INFO:root:BANKNIFTY21SEP37700CE...m2m -> -5,921.25...unrealizedPnL -> 0.00
INFO:root:BANKNIFTY21SEP37700PE...m2m -> 10,095.00...unrealizedPnL -> 10,095.00
INFO:root:Total PnL -> 4173.75
INFO:root:m2m not less than -9000 trying again in 1 mins 09/29/21-14:40:53
INFO:root:BANKNIFTY21SEP37700CE...m2m -> -5,921.25...unrealizedPnL -> 0.00
INFO:root:BANKNIFTY21SEP37700PE...m2m -> 10,117.50...unrealizedPnL -> 10,117.50
INFO:root:Total PnL -> 4196.25
INFO:root:m2m not less than -9000 trying again in 1 mins 09/29/21-14:41:54
INFO:root:BANKNIFTY21SEP37700CE...m2m -> -5,921.25...unrealizedPnL -> 0.00
INFO:root:BANKNIFTY21SEP37700PE...m2m -> 10,942.50...unrealizedPnL -> 10,942.50
INFO:root:Total PnL -> 5021.25
INFO:root:m2m not less than -9000 trying again in 1 mins 09/29/21-14:42:54
INFO:root:BANKNIFTY21SEP37700CE...m2m -> -5,921.25...unrealizedPnL -> 0.00
INFO:root:BANKNIFTY21SEP37700PE...m2m -> 11,448.75...unrealizedPnL -> 11,448.75
INFO:root:Total PnL -> 5527.5
INFO:root:m2m not less than -9000 trying again in 1 mins 09/29/21-14:43:54
INFO:root:BANKNIFTY21SEP37700CE...m2m -> -5,921.25...unrealizedPnL -> 0.00
INFO:root:BANKNIFTY21SEP37700PE...m2m -> 11,205.00...unrealizedPnL -> 11,205.00
INFO:root:Total PnL -> 5283.75
INFO:root:m2m not less than -9000 trying again in 1 mins 09/29/21-14:44:55
INFO:root:BANKNIFTY21SEP37700CE...m2m -> -5,921.25...unrealizedPnL -> 0.00
INFO:root:BANKNIFTY21SEP37700PE...m2m -> 11,332.50...unrealizedPnL -> 11,332.50
INFO:root:Total PnL -> 5411.25
INFO:root:m2m not less than -9000 trying again in 1 mins 09/29/21-14:45:55
INFO:root:BANKNIFTY21SEP37700CE...m2m -> -5,921.25...unrealizedPnL -> 0.00
INFO:root:BANKNIFTY21SEP37700PE...m2m -> 11,051.25...unrealizedPnL -> 11,051.25
INFO:root:Total PnL -> 5130.0
INFO:root:m2m not less than -9000 trying again in 1 mins 09/29/21-14:46:56
INFO:root:BANKNIFTY21SEP37700CE...m2m -> -5,921.25...unrealizedPnL -> 0.00
INFO:root:BANKNIFTY21SEP37700PE...m2m -> 10,020.00...unrealizedPnL -> 10,020.00
INFO:root:Total PnL -> 4098.75
INFO:root:m2m not less than -9000 trying again in 1 mins 09/29/21-14:47:56
INFO:root:BANKNIFTY21SEP37700CE...m2m -> -5,921.25...unrealizedPnL -> 0.00
INFO:root:BANKNIFTY21SEP37700PE...m2m -> 10,226.25...unrealizedPnL -> 10,226.25
INFO:root:Total PnL -> 4305.0
INFO:root:m2m not less than -9000 trying again in 1 mins 09/29/21-14:48:57
INFO:root:BANKNIFTY21SEP37700CE...m2m -> -5,921.25...unrealizedPnL -> 0.00
INFO:root:BANKNIFTY21SEP37700PE...m2m -> 10,248.75...unrealizedPnL -> 10,248.75
INFO:root:Total PnL -> 4327.5
INFO:root:m2m not less than -9000 trying again in 1 mins 09/29/21-14:49:57
INFO:root:BANKNIFTY21SEP37700CE...m2m -> -5,921.25...unrealizedPnL -> 0.00
INFO:root:BANKNIFTY21SEP37700PE...m2m -> 10,361.25...unrealizedPnL -> 10,361.25
INFO:root:Total PnL -> 4440.0
INFO:root:m2m not less than -9000 trying again in 1 mins 09/29/21-14:50:58
INFO:root:BANKNIFTY21SEP37700CE...m2m -> -5,921.25...unrealizedPnL -> 0.00
INFO:root:BANKNIFTY21SEP37700PE...m2m -> 10,447.50...unrealizedPnL -> 10,447.50
INFO:root:Total PnL -> 4526.25
INFO:root:m2m not less than -9000 trying again in 1 mins 09/29/21-14:51:58
INFO:root:BANKNIFTY21SEP37700CE...m2m -> -5,921.25...unrealizedPnL -> 0.00
INFO:root:BANKNIFTY21SEP37700PE...m2m -> 10,845.00...unrealizedPnL -> 10,845.00
INFO:root:Total PnL -> 4923.75
INFO:root:m2m not less than -9000 trying again in 1 mins 09/29/21-14:52:59
INFO:root:BANKNIFTY21SEP37700CE...m2m -> -5,921.25...unrealizedPnL -> 0.00
INFO:root:BANKNIFTY21SEP37700PE...m2m -> 10,886.25...unrealizedPnL -> 10,886.25
INFO:root:Total PnL -> 4965.0
INFO:root:m2m not less than -9000 trying again in 1 mins 09/29/21-14:53:59
INFO:root:BANKNIFTY21SEP37700CE...m2m -> -5,921.25...unrealizedPnL -> 0.00
INFO:root:BANKNIFTY21SEP37700PE...m2m -> 10,953.75...unrealizedPnL -> 10,953.75
INFO:root:Total PnL -> 5032.5
INFO:root:m2m not less than -9000 trying again in 1 mins 09/29/21-14:55:00
INFO:root:BANKNIFTY21SEP37700CE...m2m -> -5,921.25...unrealizedPnL -> 0.00
INFO:root:BANKNIFTY21SEP37700PE...m2m -> 10,852.50...unrealizedPnL -> 10,852.50
INFO:root:Total PnL -> 4931.25
INFO:root:m2m not less than -9000 trying again in 1 mins 09/29/21-14:56:00
INFO:root:BANKNIFTY21SEP37700CE...m2m -> -5,921.25...unrealizedPnL -> 0.00
INFO:root:BANKNIFTY21SEP37700PE...m2m -> 10,586.25...unrealizedPnL -> 10,586.25
INFO:root:Total PnL -> 4665.0
INFO:root:m2m not less than -9000 trying again in 1 mins 09/29/21-14:57:01
INFO:root:BANKNIFTY21SEP37700CE...m2m -> -5,921.25...unrealizedPnL -> 0.00
INFO:root:BANKNIFTY21SEP37700PE...m2m -> 10,038.75...unrealizedPnL -> 10,038.75
INFO:root:Total PnL -> 4117.5
INFO:root:m2m not less than -9000 trying again in 1 mins 09/29/21-14:58:01
INFO:root:BANKNIFTY21SEP37700CE...m2m -> -5,921.25...unrealizedPnL -> 0.00
INFO:root:BANKNIFTY21SEP37700PE...m2m -> 8,463.75...unrealizedPnL -> 8,463.75
INFO:root:Total PnL -> 2542.5
INFO:root:m2m not less than -9000 trying again in 1 mins 09/29/21-14:59:02
INFO:root:Squaring off...BANKNIFTY21SEP37700CE...type -> NRML...quantity -> 0
INFO:root:Squaring off...BANKNIFTY21SEP37700PE...type -> NRML...quantity -> -75
INFO:root:*-*-*-*-*-*-*-*-*-*-*-*-*-*-*-*-*-*-*-*-*-*-*-*-*-*-*-*-*-*-*-*-*-*-*-*-*-*-*-*
